running egg_info
writing ../../build/republisher_ros2/republisher_ros2.egg-info/PKG-INFO
writing dependency_links to ../../build/republisher_ros2/republisher_ros2.egg-info/dependency_links.txt
writing entry points to ../../build/republisher_ros2/republisher_ros2.egg-info/entry_points.txt
writing requirements to ../../build/republisher_ros2/republisher_ros2.egg-info/requires.txt
writing top-level names to ../../build/republisher_ros2/republisher_ros2.egg-info/top_level.txt
reading manifest file '../../build/republisher_ros2/republisher_ros2.egg-info/SOURCES.txt'
writing manifest file '../../build/republisher_ros2/republisher_ros2.egg-info/SOURCES.txt'
running build
running build_py
copying republisher_ros2/mono_node.py -> /workspaces/my_ros2_ws/src/Guide_dog_Unitree_Go1/build/republisher_ros2/build/lib/republisher_ros2
running install
running install_lib
copying /workspaces/my_ros2_ws/src/Guide_dog_Unitree_Go1/build/republisher_ros2/build/lib/republisher_ros2/mono_node.py -> /workspaces/my_ros2_ws/src/Guide_dog_Unitree_Go1/install/republisher_ros2/lib/python3.8/site-packages/republisher_ros2
byte-compiling /workspaces/my_ros2_ws/src/Guide_dog_Unitree_Go1/install/republisher_ros2/lib/python3.8/site-packages/republisher_ros2/mono_node.py to mono_node.cpython-38.pyc
running install_data
running install_egg_info
removing '/workspaces/my_ros2_ws/src/Guide_dog_Unitree_Go1/install/republisher_ros2/lib/python3.8/site-packages/republisher_ros2-0.0.0-py3.8.egg-info' (and everything under it)
Copying ../../build/republisher_ros2/republisher_ros2.egg-info to /workspaces/my_ros2_ws/src/Guide_dog_Unitree_Go1/install/republisher_ros2/lib/python3.8/site-packages/republisher_ros2-0.0.0-py3.8.egg-info
running install_scripts
Installing mono_node script to /workspaces/my_ros2_ws/src/Guide_dog_Unitree_Go1/install/republisher_ros2/lib/republisher_ros2
writing list of installed files to '/workspaces/my_ros2_ws/src/Guide_dog_Unitree_Go1/build/republisher_ros2/install.log'
