running egg_info
creating ../../build/republisher_ros2/republisher_ros2.egg-info
writing ../../build/republisher_ros2/republisher_ros2.egg-info/PKG-INFO
writing dependency_links to ../../build/republisher_ros2/republisher_ros2.egg-info/dependency_links.txt
writing entry points to ../../build/republisher_ros2/republisher_ros2.egg-info/entry_points.txt
writing requirements to ../../build/republisher_ros2/republisher_ros2.egg-info/requires.txt
writing top-level names to ../../build/republisher_ros2/republisher_ros2.egg-info/top_level.txt
writing manifest file '../../build/republisher_ros2/republisher_ros2.egg-info/SOURCES.txt'
reading manifest file '../../build/republisher_ros2/republisher_ros2.egg-info/SOURCES.txt'
writing manifest file '../../build/republisher_ros2/republisher_ros2.egg-info/SOURCES.txt'
running build
running build_py
creating /workspaces/my_ros2_ws/src/Guide_dog_Unitree_Go1/build/republisher_ros2/build
creating /workspaces/my_ros2_ws/src/Guide_dog_Unitree_Go1/build/republisher_ros2/build/lib
creating /workspaces/my_ros2_ws/src/Guide_dog_Unitree_Go1/build/republisher_ros2/build/lib/republisher_ros2
copying republisher_ros2/__init__.py -> /workspaces/my_ros2_ws/src/Guide_dog_Unitree_Go1/build/republisher_ros2/build/lib/republisher_ros2
copying republisher_ros2/mono_node.py -> /workspaces/my_ros2_ws/src/Guide_dog_Unitree_Go1/build/republisher_ros2/build/lib/republisher_ros2
running install
running install_lib
creating /workspaces/my_ros2_ws/src/Guide_dog_Unitree_Go1/install/republisher_ros2/lib/python3.8/site-packages/republisher_ros2
copying /workspaces/my_ros2_ws/src/Guide_dog_Unitree_Go1/build/republisher_ros2/build/lib/republisher_ros2/__init__.py -> /workspaces/my_ros2_ws/src/Guide_dog_Unitree_Go1/install/republisher_ros2/lib/python3.8/site-packages/republisher_ros2
copying /workspaces/my_ros2_ws/src/Guide_dog_Unitree_Go1/build/republisher_ros2/build/lib/republisher_ros2/mono_node.py -> /workspaces/my_ros2_ws/src/Guide_dog_Unitree_Go1/install/republisher_ros2/lib/python3.8/site-packages/republisher_ros2
byte-compiling /workspaces/my_ros2_ws/src/Guide_dog_Unitree_Go1/install/republisher_ros2/lib/python3.8/site-packages/republisher_ros2/__init__.py to __init__.cpython-38.pyc
byte-compiling /workspaces/my_ros2_ws/src/Guide_dog_Unitree_Go1/install/republisher_ros2/lib/python3.8/site-packages/republisher_ros2/mono_node.py to mono_node.cpython-38.pyc
running install_data
creating /workspaces/my_ros2_ws/src/Guide_dog_Unitree_Go1/install/republisher_ros2/share/ament_index
creating /workspaces/my_ros2_ws/src/Guide_dog_Unitree_Go1/install/republisher_ros2/share/ament_index/resource_index
creating /workspaces/my_ros2_ws/src/Guide_dog_Unitree_Go1/install/republisher_ros2/share/ament_index/resource_index/packages
copying resource/republisher_ros2 -> /workspaces/my_ros2_ws/src/Guide_dog_Unitree_Go1/install/republisher_ros2/share/ament_index/resource_index/packages
copying package.xml -> /workspaces/my_ros2_ws/src/Guide_dog_Unitree_Go1/install/republisher_ros2/share/republisher_ros2
running install_egg_info
Copying ../../build/republisher_ros2/republisher_ros2.egg-info to /workspaces/my_ros2_ws/src/Guide_dog_Unitree_Go1/install/republisher_ros2/lib/python3.8/site-packages/republisher_ros2-0.0.0-py3.8.egg-info
running install_scripts
Installing mono_node script to /workspaces/my_ros2_ws/src/Guide_dog_Unitree_Go1/install/republisher_ros2/lib/republisher_ros2
writing list of installed files to '/workspaces/my_ros2_ws/src/Guide_dog_Unitree_Go1/build/republisher_ros2/install.log'
