[2.376s] Invoking command in '/workspaces/my_ros2_ws/src/Guide_dog_Unitree_Go1/demos/go_republisher': PYTHONPATH=/workspaces/my_ros2_ws/src/Guide_dog_Unitree_Go1/build/republisher_ros2/prefix_override:/workspaces/my_ros2_ws/src/Guide_dog_Unitree_Go1/install/republisher_ros2/lib/python3.8/site-packages:${PYTHONPATH} /usr/bin/python3 setup.py egg_info --egg-base ../../build/republisher_ros2 build --build-base /workspaces/my_ros2_ws/src/Guide_dog_Unitree_Go1/build/republisher_ros2/build install --record /workspaces/my_ros2_ws/src/Guide_dog_Unitree_Go1/build/republisher_ros2/install.log --single-version-externally-managed
[3.096s] running egg_info
[3.101s] creating ../../build/republisher_ros2/republisher_ros2.egg-info
[3.107s] writing ../../build/republisher_ros2/republisher_ros2.egg-info/PKG-INFO
[3.122s] writing dependency_links to ../../build/republisher_ros2/republisher_ros2.egg-info/dependency_links.txt
[3.129s] writing entry points to ../../build/republisher_ros2/republisher_ros2.egg-info/entry_points.txt
[3.134s] writing requirements to ../../build/republisher_ros2/republisher_ros2.egg-info/requires.txt
[3.138s] writing top-level names to ../../build/republisher_ros2/republisher_ros2.egg-info/top_level.txt
[3.156s] writing manifest file '../../build/republisher_ros2/republisher_ros2.egg-info/SOURCES.txt'
[3.226s] reading manifest file '../../build/republisher_ros2/republisher_ros2.egg-info/SOURCES.txt'
[3.235s] writing manifest file '../../build/republisher_ros2/republisher_ros2.egg-info/SOURCES.txt'
[3.238s] running build
[3.242s] running build_py
[3.247s] creating /workspaces/my_ros2_ws/src/Guide_dog_Unitree_Go1/build/republisher_ros2/build
[3.250s] creating /workspaces/my_ros2_ws/src/Guide_dog_Unitree_Go1/build/republisher_ros2/build/lib
[3.254s] creating /workspaces/my_ros2_ws/src/Guide_dog_Unitree_Go1/build/republisher_ros2/build/lib/republisher_ros2
[3.263s] copying republisher_ros2/__init__.py -> /workspaces/my_ros2_ws/src/Guide_dog_Unitree_Go1/build/republisher_ros2/build/lib/republisher_ros2
[3.273s] copying republisher_ros2/mono_node.py -> /workspaces/my_ros2_ws/src/Guide_dog_Unitree_Go1/build/republisher_ros2/build/lib/republisher_ros2
[3.281s] running install
[3.287s] running install_lib
[3.298s] creating /workspaces/my_ros2_ws/src/Guide_dog_Unitree_Go1/install/republisher_ros2/lib/python3.8/site-packages/republisher_ros2
[3.308s] copying /workspaces/my_ros2_ws/src/Guide_dog_Unitree_Go1/build/republisher_ros2/build/lib/republisher_ros2/__init__.py -> /workspaces/my_ros2_ws/src/Guide_dog_Unitree_Go1/install/republisher_ros2/lib/python3.8/site-packages/republisher_ros2
[3.337s] copying /workspaces/my_ros2_ws/src/Guide_dog_Unitree_Go1/build/republisher_ros2/build/lib/republisher_ros2/mono_node.py -> /workspaces/my_ros2_ws/src/Guide_dog_Unitree_Go1/install/republisher_ros2/lib/python3.8/site-packages/republisher_ros2
[3.353s] byte-compiling /workspaces/my_ros2_ws/src/Guide_dog_Unitree_Go1/install/republisher_ros2/lib/python3.8/site-packages/republisher_ros2/__init__.py to __init__.cpython-38.pyc
[3.379s] byte-compiling /workspaces/my_ros2_ws/src/Guide_dog_Unitree_Go1/install/republisher_ros2/lib/python3.8/site-packages/republisher_ros2/mono_node.py to mono_node.cpython-38.pyc
[3.395s] running install_data
[3.403s] creating /workspaces/my_ros2_ws/src/Guide_dog_Unitree_Go1/install/republisher_ros2/share/ament_index
[3.409s] creating /workspaces/my_ros2_ws/src/Guide_dog_Unitree_Go1/install/republisher_ros2/share/ament_index/resource_index
[3.417s] creating /workspaces/my_ros2_ws/src/Guide_dog_Unitree_Go1/install/republisher_ros2/share/ament_index/resource_index/packages
[3.421s] copying resource/republisher_ros2 -> /workspaces/my_ros2_ws/src/Guide_dog_Unitree_Go1/install/republisher_ros2/share/ament_index/resource_index/packages
[3.432s] copying package.xml -> /workspaces/my_ros2_ws/src/Guide_dog_Unitree_Go1/install/republisher_ros2/share/republisher_ros2
[3.442s] running install_egg_info
[3.454s] Copying ../../build/republisher_ros2/republisher_ros2.egg-info to /workspaces/my_ros2_ws/src/Guide_dog_Unitree_Go1/install/republisher_ros2/lib/python3.8/site-packages/republisher_ros2-0.0.0-py3.8.egg-info
[3.588s] running install_scripts
[3.667s] Installing mono_node script to /workspaces/my_ros2_ws/src/Guide_dog_Unitree_Go1/install/republisher_ros2/lib/republisher_ros2
[3.694s] writing list of installed files to '/workspaces/my_ros2_ws/src/Guide_dog_Unitree_Go1/build/republisher_ros2/install.log'
[3.765s] Invoked command in '/workspaces/my_ros2_ws/src/Guide_dog_Unitree_Go1/demos/go_republisher' returned '0': PYTHONPATH=/workspaces/my_ros2_ws/src/Guide_dog_Unitree_Go1/build/republisher_ros2/prefix_override:/workspaces/my_ros2_ws/src/Guide_dog_Unitree_Go1/install/republisher_ros2/lib/python3.8/site-packages:${PYTHONPATH} /usr/bin/python3 setup.py egg_info --egg-base ../../build/republisher_ros2 build --build-base /workspaces/my_ros2_ws/src/Guide_dog_Unitree_Go1/build/republisher_ros2/build install --record /workspaces/my_ros2_ws/src/Guide_dog_Unitree_Go1/build/republisher_ros2/install.log --single-version-externally-managed
