[0.481s] DEBUG:colcon:Command line arguments: ['/usr/bin/colcon', 'build', '--packages-select', 'republisher_ros2']
[0.482s] DEBUG:colcon:Parsed command line arguments: Namespace(ament_cmake_args=None, base_paths=['.'], build_base='build', catkin_cmake_args=None, catkin_skip_building_tests=False, cmake_args=None, cmake_clean_cache=False, cmake_clean_first=False, cmake_force_configure=False, cmake_target=None, cmake_target_skip_unavailable=False, continue_on_error=False, event_handlers=None, executor='parallel', ignore_user_meta=False, install_base='install', log_base=None, log_level=None, main=<bound method BuildVerb.main of <colcon_core.verb.build.BuildVerb object at 0x7efc1eeaa2e0>>, merge_install=False, metas=['./colcon.meta'], packages_above=None, packages_above_and_dependencies=None, packages_above_depth=None, packages_end=None, packages_ignore=None, packages_ignore_regex=None, packages_select=['republisher_ros2'], packages_select_build_failed=False, packages_select_by_dep=None, packages_select_regex=None, packages_select_test_failures=False, packages_skip=None, packages_skip_build_finished=False, packages_skip_by_dep=None, packages_skip_regex=None, packages_skip_test_passed=False, packages_skip_up_to=None, packages_start=None, packages_up_to=None, packages_up_to_regex=None, parallel_workers=4, paths=None, symlink_install=False, test_result_base=None, verb_extension=<colcon_core.verb.build.BuildVerb object at 0x7efc1eeaa2e0>, verb_name='build', verb_parser=<colcon_defaults.argument_parser.defaults.DefaultArgumentsDecorator object at 0x7efc1eeaa820>)
[0.528s] Level 1:colcon.colcon_core.package_discovery:discover_packages(colcon_meta) check parameters
[0.530s] Level 1:colcon.colcon_core.package_discovery:discover_packages(recursive) check parameters
[0.532s] Level 1:colcon.colcon_core.package_discovery:discover_packages(ignore) check parameters
[0.533s] Level 1:colcon.colcon_core.package_discovery:discover_packages(path) check parameters
[0.534s] Level 1:colcon.colcon_core.package_discovery:discover_packages(colcon_meta) discover
[0.535s] Level 1:colcon.colcon_core.package_discovery:discover_packages(recursive) discover
[0.537s] INFO:colcon.colcon_core.package_discovery:Crawling recursively for packages in '/workspaces/my_ros2_ws/src/Guide_dog_Unitree_Go1'
[0.538s] Level 1:colcon.colcon_core.package_identification:_identify(.) by extensions ['ignore', 'ignore_ament_install']
[0.539s] Level 1:colcon.colcon_core.package_identification:_identify(.) by extension 'ignore'
[0.541s] Level 1:colcon.colcon_core.package_identification:_identify(.) by extension 'ignore_ament_install'
[0.544s] Level 1:colcon.colcon_core.package_identification:_identify(.) by extensions ['colcon_pkg']
[0.545s] Level 1:colcon.colcon_core.package_identification:_identify(.) by extension 'colcon_pkg'
[0.547s] Level 1:colcon.colcon_core.package_identification:_identify(.) by extensions ['colcon_meta']
[0.548s] Level 1:colcon.colcon_core.package_identification:_identify(.) by extension 'colcon_meta'
[0.549s] Level 1:colcon.colcon_core.package_identification:_identify(.) by extensions ['ros']
[0.550s] Level 1:colcon.colcon_core.package_identification:_identify(.) by extension 'ros'
[0.580s] Level 1:colcon.colcon_core.package_identification:_identify(.) by extensions ['cmake', 'python']
[0.581s] Level 1:colcon.colcon_core.package_identification:_identify(.) by extension 'cmake'
[0.583s] Level 1:colcon.colcon_core.package_identification:_identify(.) by extension 'python'
[0.584s] Level 1:colcon.colcon_core.package_identification:_identify(.) by extensions ['python_setup_py']
[0.585s] Level 1:colcon.colcon_core.package_identification:_identify(.) by extension 'python_setup_py'
[0.587s] Level 1:colcon.colcon_core.package_identification:_identify(build) by extensions ['ignore', 'ignore_ament_install']
[0.588s] Level 1:colcon.colcon_core.package_identification:_identify(build) by extension 'ignore'
[0.589s] Level 1:colcon.colcon_core.package_identification:_identify(build) ignored
[0.590s] Level 1:colcon.colcon_core.package_identification:_identify(demos) by extensions ['ignore', 'ignore_ament_install']
[0.592s] Level 1:colcon.colcon_core.package_identification:_identify(demos) by extension 'ignore'
[0.593s] Level 1:colcon.colcon_core.package_identification:_identify(demos) by extension 'ignore_ament_install'
[0.595s] Level 1:colcon.colcon_core.package_identification:_identify(demos) by extensions ['colcon_pkg']
[0.595s] Level 1:colcon.colcon_core.package_identification:_identify(demos) by extension 'colcon_pkg'
[0.597s] Level 1:colcon.colcon_core.package_identification:_identify(demos) by extensions ['colcon_meta']
[0.597s] Level 1:colcon.colcon_core.package_identification:_identify(demos) by extension 'colcon_meta'
[0.598s] Level 1:colcon.colcon_core.package_identification:_identify(demos) by extensions ['ros']
[0.598s] Level 1:colcon.colcon_core.package_identification:_identify(demos) by extension 'ros'
[0.601s] Level 1:colcon.colcon_core.package_identification:_identify(demos) by extensions ['cmake', 'python']
[0.604s] Level 1:colcon.colcon_core.package_identification:_identify(demos) by extension 'cmake'
[0.605s] Level 1:colcon.colcon_core.package_identification:_identify(demos) by extension 'python'
[0.607s] Level 1:colcon.colcon_core.package_identification:_identify(demos) by extensions ['python_setup_py']
[0.607s] Level 1:colcon.colcon_core.package_identification:_identify(demos) by extension 'python_setup_py'
[0.609s] Level 1:colcon.colcon_core.package_identification:_identify(demos/ball_track) by extensions ['ignore', 'ignore_ament_install']
[0.609s] Level 1:colcon.colcon_core.package_identification:_identify(demos/ball_track) by extension 'ignore'
[0.610s] Level 1:colcon.colcon_core.package_identification:_identify(demos/ball_track) by extension 'ignore_ament_install'
[0.612s] Level 1:colcon.colcon_core.package_identification:_identify(demos/ball_track) by extensions ['colcon_pkg']
[0.613s] Level 1:colcon.colcon_core.package_identification:_identify(demos/ball_track) by extension 'colcon_pkg'
[0.614s] Level 1:colcon.colcon_core.package_identification:_identify(demos/ball_track) by extensions ['colcon_meta']
[0.615s] Level 1:colcon.colcon_core.package_identification:_identify(demos/ball_track) by extension 'colcon_meta'
[0.616s] Level 1:colcon.colcon_core.package_identification:_identify(demos/ball_track) by extensions ['ros']
[0.616s] Level 1:colcon.colcon_core.package_identification:_identify(demos/ball_track) by extension 'ros'
[0.622s] DEBUG:colcon.colcon_core.package_identification:Package 'demos/ball_track' with type 'ros.ament_python' and name 'ball_track_ros2'
[0.623s] Level 1:colcon.colcon_core.package_identification:_identify(demos/go_republisher) by extensions ['ignore', 'ignore_ament_install']
[0.624s] Level 1:colcon.colcon_core.package_identification:_identify(demos/go_republisher) by extension 'ignore'
[0.625s] Level 1:colcon.colcon_core.package_identification:_identify(demos/go_republisher) by extension 'ignore_ament_install'
[0.627s] Level 1:colcon.colcon_core.package_identification:_identify(demos/go_republisher) by extensions ['colcon_pkg']
[0.628s] Level 1:colcon.colcon_core.package_identification:_identify(demos/go_republisher) by extension 'colcon_pkg'
[0.629s] Level 1:colcon.colcon_core.package_identification:_identify(demos/go_republisher) by extensions ['colcon_meta']
[0.630s] Level 1:colcon.colcon_core.package_identification:_identify(demos/go_republisher) by extension 'colcon_meta'
[0.631s] Level 1:colcon.colcon_core.package_identification:_identify(demos/go_republisher) by extensions ['ros']
[0.632s] Level 1:colcon.colcon_core.package_identification:_identify(demos/go_republisher) by extension 'ros'
[0.636s] DEBUG:colcon.colcon_core.package_identification:Package 'demos/go_republisher' with type 'ros.ament_python' and name 'republisher_ros2'
[0.637s] Level 1:colcon.colcon_core.package_identification:_identify(docker) by extensions ['ignore', 'ignore_ament_install']
[0.638s] Level 1:colcon.colcon_core.package_identification:_identify(docker) by extension 'ignore'
[0.639s] Level 1:colcon.colcon_core.package_identification:_identify(docker) by extension 'ignore_ament_install'
[0.642s] Level 1:colcon.colcon_core.package_identification:_identify(docker) by extensions ['colcon_pkg']
[0.642s] Level 1:colcon.colcon_core.package_identification:_identify(docker) by extension 'colcon_pkg'
[0.644s] Level 1:colcon.colcon_core.package_identification:_identify(docker) by extensions ['colcon_meta']
[0.644s] Level 1:colcon.colcon_core.package_identification:_identify(docker) by extension 'colcon_meta'
[0.645s] Level 1:colcon.colcon_core.package_identification:_identify(docker) by extensions ['ros']
[0.646s] Level 1:colcon.colcon_core.package_identification:_identify(docker) by extension 'ros'
[0.649s] Level 1:colcon.colcon_core.package_identification:_identify(docker) by extensions ['cmake', 'python']
[0.649s] Level 1:colcon.colcon_core.package_identification:_identify(docker) by extension 'cmake'
[0.651s] Level 1:colcon.colcon_core.package_identification:_identify(docker) by extension 'python'
[0.652s] Level 1:colcon.colcon_core.package_identification:_identify(docker) by extensions ['python_setup_py']
[0.653s] Level 1:colcon.colcon_core.package_identification:_identify(docker) by extension 'python_setup_py'
[0.655s] Level 1:colcon.colcon_core.package_identification:_identify(guide_dog_unitree_go1) by extensions ['ignore', 'ignore_ament_install']
[0.656s] Level 1:colcon.colcon_core.package_identification:_identify(guide_dog_unitree_go1) by extension 'ignore'
[0.658s] Level 1:colcon.colcon_core.package_identification:_identify(guide_dog_unitree_go1) by extension 'ignore_ament_install'
[0.659s] Level 1:colcon.colcon_core.package_identification:_identify(guide_dog_unitree_go1) by extensions ['colcon_pkg']
[0.660s] Level 1:colcon.colcon_core.package_identification:_identify(guide_dog_unitree_go1) by extension 'colcon_pkg'
[0.661s] Level 1:colcon.colcon_core.package_identification:_identify(guide_dog_unitree_go1) by extensions ['colcon_meta']
[0.662s] Level 1:colcon.colcon_core.package_identification:_identify(guide_dog_unitree_go1) by extension 'colcon_meta'
[0.663s] Level 1:colcon.colcon_core.package_identification:_identify(guide_dog_unitree_go1) by extensions ['ros']
[0.663s] Level 1:colcon.colcon_core.package_identification:_identify(guide_dog_unitree_go1) by extension 'ros'
[0.667s] DEBUG:colcon.colcon_core.package_identification:Package 'guide_dog_unitree_go1' with type 'ros.ament_cmake' and name 'guide_dog_unitree_go1'
[0.668s] Level 1:colcon.colcon_core.package_identification:_identify(install) by extensions ['ignore', 'ignore_ament_install']
[0.669s] Level 1:colcon.colcon_core.package_identification:_identify(install) by extension 'ignore'
[0.669s] Level 1:colcon.colcon_core.package_identification:_identify(install) ignored
[0.670s] Level 1:colcon.colcon_core.package_identification:_identify(listen_talk_ros2) by extensions ['ignore', 'ignore_ament_install']
[0.671s] Level 1:colcon.colcon_core.package_identification:_identify(listen_talk_ros2) by extension 'ignore'
[0.672s] Level 1:colcon.colcon_core.package_identification:_identify(listen_talk_ros2) by extension 'ignore_ament_install'
[0.675s] Level 1:colcon.colcon_core.package_identification:_identify(listen_talk_ros2) by extensions ['colcon_pkg']
[0.677s] Level 1:colcon.colcon_core.package_identification:_identify(listen_talk_ros2) by extension 'colcon_pkg'
[0.678s] Level 1:colcon.colcon_core.package_identification:_identify(listen_talk_ros2) by extensions ['colcon_meta']
[0.679s] Level 1:colcon.colcon_core.package_identification:_identify(listen_talk_ros2) by extension 'colcon_meta'
[0.680s] Level 1:colcon.colcon_core.package_identification:_identify(listen_talk_ros2) by extensions ['ros']
[0.680s] Level 1:colcon.colcon_core.package_identification:_identify(listen_talk_ros2) by extension 'ros'
[0.684s] Level 1:colcon.colcon_core.package_identification:_identify(listen_talk_ros2) by extensions ['cmake', 'python']
[0.685s] Level 1:colcon.colcon_core.package_identification:_identify(listen_talk_ros2) by extension 'cmake'
[0.686s] Level 1:colcon.colcon_core.package_identification:_identify(listen_talk_ros2) by extension 'python'
[0.688s] Level 1:colcon.colcon_core.package_identification:_identify(listen_talk_ros2) by extensions ['python_setup_py']
[0.688s] Level 1:colcon.colcon_core.package_identification:_identify(listen_talk_ros2) by extension 'python_setup_py'
[0.690s] Level 1:colcon.colcon_core.package_identification:_identify(listen_talk_ros2/listen_talk_ros2) by extensions ['ignore', 'ignore_ament_install']
[0.690s] Level 1:colcon.colcon_core.package_identification:_identify(listen_talk_ros2/listen_talk_ros2) by extension 'ignore'
[0.692s] Level 1:colcon.colcon_core.package_identification:_identify(listen_talk_ros2/listen_talk_ros2) by extension 'ignore_ament_install'
[0.693s] Level 1:colcon.colcon_core.package_identification:_identify(listen_talk_ros2/listen_talk_ros2) by extensions ['colcon_pkg']
[0.694s] Level 1:colcon.colcon_core.package_identification:_identify(listen_talk_ros2/listen_talk_ros2) by extension 'colcon_pkg'
[0.695s] Level 1:colcon.colcon_core.package_identification:_identify(listen_talk_ros2/listen_talk_ros2) by extensions ['colcon_meta']
[0.695s] Level 1:colcon.colcon_core.package_identification:_identify(listen_talk_ros2/listen_talk_ros2) by extension 'colcon_meta'
[0.696s] Level 1:colcon.colcon_core.package_identification:_identify(listen_talk_ros2/listen_talk_ros2) by extensions ['ros']
[0.697s] Level 1:colcon.colcon_core.package_identification:_identify(listen_talk_ros2/listen_talk_ros2) by extension 'ros'
[0.701s] DEBUG:colcon.colcon_core.package_identification:Package 'listen_talk_ros2/listen_talk_ros2' with type 'ros.ament_python' and name 'listen_talk_ros2'
[0.707s] Level 1:colcon.colcon_core.package_identification:_identify(log) by extensions ['ignore', 'ignore_ament_install']
[0.708s] Level 1:colcon.colcon_core.package_identification:_identify(log) by extension 'ignore'
[0.709s] Level 1:colcon.colcon_core.package_identification:_identify(log) ignored
[0.710s] Level 1:colcon.colcon_core.package_discovery:discover_packages(recursive) using defaults
[0.711s] Level 1:colcon.colcon_core.package_discovery:discover_packages(ignore) discover
[0.711s] Level 1:colcon.colcon_core.package_discovery:discover_packages(ignore) using defaults
[0.712s] Level 1:colcon.colcon_core.package_discovery:discover_packages(path) discover
[0.713s] Level 1:colcon.colcon_core.package_discovery:discover_packages(path) using defaults
[0.759s] INFO:colcon.colcon_core.package_selection:Skipping not selected package 'ball_track_ros2' in 'demos/ball_track'
[0.762s] INFO:colcon.colcon_core.package_selection:Skipping not selected package 'guide_dog_unitree_go1' in 'guide_dog_unitree_go1'
[0.763s] INFO:colcon.colcon_core.package_selection:Skipping not selected package 'listen_talk_ros2' in 'listen_talk_ros2/listen_talk_ros2'
[0.765s] Level 5:colcon.colcon_core.verb:set package 'republisher_ros2' build argument 'cmake_args' from command line to 'None'
[0.766s] Level 5:colcon.colcon_core.verb:set package 'republisher_ros2' build argument 'cmake_target' from command line to 'None'
[0.767s] Level 5:colcon.colcon_core.verb:set package 'republisher_ros2' build argument 'cmake_target_skip_unavailable' from command line to 'False'
[0.768s] Level 5:colcon.colcon_core.verb:set package 'republisher_ros2' build argument 'cmake_clean_cache' from command line to 'False'
[0.768s] Level 5:colcon.colcon_core.verb:set package 'republisher_ros2' build argument 'cmake_clean_first' from command line to 'False'
[0.769s] Level 5:colcon.colcon_core.verb:set package 'republisher_ros2' build argument 'cmake_force_configure' from command line to 'False'
[0.769s] Level 5:colcon.colcon_core.verb:set package 'republisher_ros2' build argument 'ament_cmake_args' from command line to 'None'
[0.770s] Level 5:colcon.colcon_core.verb:set package 'republisher_ros2' build argument 'catkin_cmake_args' from command line to 'None'
[0.771s] Level 5:colcon.colcon_core.verb:set package 'republisher_ros2' build argument 'catkin_skip_building_tests' from command line to 'False'
[0.771s] DEBUG:colcon.colcon_core.verb:Building package 'republisher_ros2' with the following arguments: {'ament_cmake_args': None, 'build_base': '/workspaces/my_ros2_ws/src/Guide_dog_Unitree_Go1/build/republisher_ros2', 'catkin_cmake_args': None, 'catkin_skip_building_tests': False, 'cmake_args': None, 'cmake_clean_cache': False, 'cmake_clean_first': False, 'cmake_force_configure': False, 'cmake_target': None, 'cmake_target_skip_unavailable': False, 'install_base': '/workspaces/my_ros2_ws/src/Guide_dog_Unitree_Go1/install/republisher_ros2', 'merge_install': False, 'path': '/workspaces/my_ros2_ws/src/Guide_dog_Unitree_Go1/demos/go_republisher', 'symlink_install': False, 'test_result_base': None}
[0.773s] INFO:colcon.colcon_core.executor:Executing jobs using 'parallel' executor
[0.779s] DEBUG:colcon.colcon_parallel_executor.executor.parallel:run_until_complete
[0.780s] INFO:colcon.colcon_ros.task.ament_python.build:Building ROS package in '/workspaces/my_ros2_ws/src/Guide_dog_Unitree_Go1/demos/go_republisher' with build type 'ament_python'
[0.781s] Level 1:colcon.colcon_core.shell:create_environment_hook('republisher_ros2', 'ament_prefix_path')
[0.796s] INFO:colcon.colcon_core.plugin_system:Skipping extension 'colcon_core.shell.bat': Not used on non-Windows systems
[0.798s] INFO:colcon.colcon_core.shell:Creating environment hook '/workspaces/my_ros2_ws/src/Guide_dog_Unitree_Go1/install/republisher_ros2/share/republisher_ros2/hook/ament_prefix_path.ps1'
[0.805s] INFO:colcon.colcon_core.shell:Creating environment descriptor '/workspaces/my_ros2_ws/src/Guide_dog_Unitree_Go1/install/republisher_ros2/share/republisher_ros2/hook/ament_prefix_path.dsv'
[0.810s] INFO:colcon.colcon_core.shell:Creating environment hook '/workspaces/my_ros2_ws/src/Guide_dog_Unitree_Go1/install/republisher_ros2/share/republisher_ros2/hook/ament_prefix_path.sh'
[0.818s] INFO:colcon.colcon_core.shell:Skip shell extension 'powershell' for command environment: Not usable outside of PowerShell
[0.819s] DEBUG:colcon.colcon_core.shell:Skip shell extension 'dsv' for command environment
[1.340s] INFO:colcon.colcon_core.task.python.build:Building Python package in '/workspaces/my_ros2_ws/src/Guide_dog_Unitree_Go1/demos/go_republisher'
[1.343s] INFO:colcon.colcon_core.shell:Skip shell extension 'powershell' for command environment: Not usable outside of PowerShell
[1.344s] DEBUG:colcon.colcon_core.shell:Skip shell extension 'dsv' for command environment
[2.058s] DEBUG:colcon.colcon_core.event_handler.log_command:Invoking command in '/workspaces/my_ros2_ws/src/Guide_dog_Unitree_Go1/demos/go_republisher': PYTHONPATH=/workspaces/my_ros2_ws/src/Guide_dog_Unitree_Go1/build/republisher_ros2/prefix_override:/workspaces/my_ros2_ws/src/Guide_dog_Unitree_Go1/install/republisher_ros2/lib/python3.8/site-packages:${PYTHONPATH} /usr/bin/python3 setup.py egg_info --egg-base ../../build/republisher_ros2 build --build-base /workspaces/my_ros2_ws/src/Guide_dog_Unitree_Go1/build/republisher_ros2/build install --record /workspaces/my_ros2_ws/src/Guide_dog_Unitree_Go1/build/republisher_ros2/install.log --single-version-externally-managed
[2.879s] DEBUG:colcon.colcon_core.event_handler.log_command:Invoked command in '/workspaces/my_ros2_ws/src/Guide_dog_Unitree_Go1/demos/go_republisher' returned '0': PYTHONPATH=/workspaces/my_ros2_ws/src/Guide_dog_Unitree_Go1/build/republisher_ros2/prefix_override:/workspaces/my_ros2_ws/src/Guide_dog_Unitree_Go1/install/republisher_ros2/lib/python3.8/site-packages:${PYTHONPATH} /usr/bin/python3 setup.py egg_info --egg-base ../../build/republisher_ros2 build --build-base /workspaces/my_ros2_ws/src/Guide_dog_Unitree_Go1/build/republisher_ros2/build install --record /workspaces/my_ros2_ws/src/Guide_dog_Unitree_Go1/build/republisher_ros2/install.log --single-version-externally-managed
[2.883s] Level 1:colcon.colcon_core.environment:checking '/workspaces/my_ros2_ws/src/Guide_dog_Unitree_Go1/install/republisher_ros2' for CMake module files
[2.894s] Level 1:colcon.colcon_core.environment:checking '/workspaces/my_ros2_ws/src/Guide_dog_Unitree_Go1/install/republisher_ros2' for CMake config files
[2.899s] Level 1:colcon.colcon_core.environment:checking '/workspaces/my_ros2_ws/src/Guide_dog_Unitree_Go1/install/republisher_ros2/lib'
[2.903s] Level 1:colcon.colcon_core.environment:checking '/workspaces/my_ros2_ws/src/Guide_dog_Unitree_Go1/install/republisher_ros2/bin'
[2.904s] Level 1:colcon.colcon_core.environment:checking '/workspaces/my_ros2_ws/src/Guide_dog_Unitree_Go1/install/republisher_ros2/lib/pkgconfig/republisher_ros2.pc'
[2.906s] Level 1:colcon.colcon_core.environment:checking '/workspaces/my_ros2_ws/src/Guide_dog_Unitree_Go1/install/republisher_ros2/lib/python3.8/site-packages'
[2.906s] Level 1:colcon.colcon_core.shell:create_environment_hook('republisher_ros2', 'pythonpath')
[2.909s] INFO:colcon.colcon_core.shell:Creating environment hook '/workspaces/my_ros2_ws/src/Guide_dog_Unitree_Go1/install/republisher_ros2/share/republisher_ros2/hook/pythonpath.ps1'
[2.913s] INFO:colcon.colcon_core.shell:Creating environment descriptor '/workspaces/my_ros2_ws/src/Guide_dog_Unitree_Go1/install/republisher_ros2/share/republisher_ros2/hook/pythonpath.dsv'
[2.916s] INFO:colcon.colcon_core.shell:Creating environment hook '/workspaces/my_ros2_ws/src/Guide_dog_Unitree_Go1/install/republisher_ros2/share/republisher_ros2/hook/pythonpath.sh'
[2.923s] Level 1:colcon.colcon_core.environment:checking '/workspaces/my_ros2_ws/src/Guide_dog_Unitree_Go1/install/republisher_ros2/bin'
[2.925s] Level 1:colcon.colcon_core.environment:create_environment_scripts_only(republisher_ros2)
[2.928s] INFO:colcon.colcon_core.shell:Creating package script '/workspaces/my_ros2_ws/src/Guide_dog_Unitree_Go1/install/republisher_ros2/share/republisher_ros2/package.ps1'
[2.935s] INFO:colcon.colcon_core.shell:Creating package descriptor '/workspaces/my_ros2_ws/src/Guide_dog_Unitree_Go1/install/republisher_ros2/share/republisher_ros2/package.dsv'
[2.939s] INFO:colcon.colcon_core.shell:Creating package script '/workspaces/my_ros2_ws/src/Guide_dog_Unitree_Go1/install/republisher_ros2/share/republisher_ros2/package.sh'
[2.943s] INFO:colcon.colcon_core.shell:Creating package script '/workspaces/my_ros2_ws/src/Guide_dog_Unitree_Go1/install/republisher_ros2/share/republisher_ros2/package.bash'
[2.948s] INFO:colcon.colcon_core.shell:Creating package script '/workspaces/my_ros2_ws/src/Guide_dog_Unitree_Go1/install/republisher_ros2/share/republisher_ros2/package.zsh'
[2.953s] Level 1:colcon.colcon_core.environment:create_file_with_runtime_dependencies(/workspaces/my_ros2_ws/src/Guide_dog_Unitree_Go1/install/republisher_ros2/share/colcon-core/packages/republisher_ros2)
[2.957s] DEBUG:colcon.colcon_parallel_executor.executor.parallel:closing loop
[2.958s] DEBUG:colcon.colcon_parallel_executor.executor.parallel:loop closed
[2.960s] DEBUG:colcon.colcon_parallel_executor.executor.parallel:run_until_complete finished with '0'
[2.964s] DEBUG:colcon.colcon_core.event_reactor:joining thread
[2.992s] INFO:colcon.colcon_core.plugin_system:Skipping extension 'colcon_notification.desktop_notification.notify_send': Could not find 'notify-send'
[2.993s] INFO:colcon.colcon_core.plugin_system:Skipping extension 'colcon_notification.desktop_notification.terminal_notifier': Not used on non-Darwin systems
[2.994s] INFO:colcon.colcon_core.plugin_system:Skipping extension 'colcon_notification.desktop_notification.win32': Not used on non-Windows systems
[2.995s] INFO:colcon.colcon_notification.desktop_notification:Sending desktop notification using 'notify2'
[2.998s] DEBUG:colcon.colcon_notification.desktop_notification.notify2:Failed to initialize notify2: org.freedesktop.DBus.Error.Spawn.ExecFailed: /usr/bin/dbus-launch terminated abnormally without any error message
[3.000s] DEBUG:colcon.colcon_core.event_reactor:joined thread
[3.003s] INFO:colcon.colcon_core.shell:Creating prefix script '/workspaces/my_ros2_ws/src/Guide_dog_Unitree_Go1/install/local_setup.ps1'
[3.008s] INFO:colcon.colcon_core.shell:Creating prefix util module '/workspaces/my_ros2_ws/src/Guide_dog_Unitree_Go1/install/_local_setup_util_ps1.py'
[3.016s] INFO:colcon.colcon_core.shell:Creating prefix chain script '/workspaces/my_ros2_ws/src/Guide_dog_Unitree_Go1/install/setup.ps1'
[3.044s] INFO:colcon.colcon_core.shell:Creating prefix script '/workspaces/my_ros2_ws/src/Guide_dog_Unitree_Go1/install/local_setup.sh'
[3.049s] INFO:colcon.colcon_core.shell:Creating prefix util module '/workspaces/my_ros2_ws/src/Guide_dog_Unitree_Go1/install/_local_setup_util_sh.py'
[3.055s] INFO:colcon.colcon_core.shell:Creating prefix chain script '/workspaces/my_ros2_ws/src/Guide_dog_Unitree_Go1/install/setup.sh'
[3.080s] INFO:colcon.colcon_core.shell:Creating prefix script '/workspaces/my_ros2_ws/src/Guide_dog_Unitree_Go1/install/local_setup.bash'
[3.086s] INFO:colcon.colcon_core.shell:Creating prefix chain script '/workspaces/my_ros2_ws/src/Guide_dog_Unitree_Go1/install/setup.bash'
[3.130s] INFO:colcon.colcon_core.shell:Creating prefix script '/workspaces/my_ros2_ws/src/Guide_dog_Unitree_Go1/install/local_setup.zsh'
[3.142s] INFO:colcon.colcon_core.shell:Creating prefix chain script '/workspaces/my_ros2_ws/src/Guide_dog_Unitree_Go1/install/setup.zsh'
