[0.563s] DEBUG:colcon:Command line arguments: ['/usr/bin/colcon', 'build', '--packages-select', 'republisher_ros2']
[0.564s] DEBUG:colcon:Parsed command line arguments: Namespace(ament_cmake_args=None, base_paths=['.'], build_base='build', catkin_cmake_args=None, catkin_skip_building_tests=False, cmake_args=None, cmake_clean_cache=False, cmake_clean_first=False, cmake_force_configure=False, cmake_target=None, cmake_target_skip_unavailable=False, continue_on_error=False, event_handlers=None, executor='parallel', ignore_user_meta=False, install_base='install', log_base=None, log_level=None, main=<bound method BuildVerb.main of <colcon_core.verb.build.BuildVerb object at 0x7f377e1565b0>>, merge_install=False, metas=['./colcon.meta'], packages_above=None, packages_above_and_dependencies=None, packages_above_depth=None, packages_end=None, packages_ignore=None, packages_ignore_regex=None, packages_select=['republisher_ros2'], packages_select_build_failed=False, packages_select_by_dep=None, packages_select_regex=None, packages_select_test_failures=False, packages_skip=None, packages_skip_build_finished=False, packages_skip_by_dep=None, packages_skip_regex=None, packages_skip_test_passed=False, packages_skip_up_to=None, packages_start=None, packages_up_to=None, packages_up_to_regex=None, parallel_workers=4, paths=None, symlink_install=False, test_result_base=None, verb_extension=<colcon_core.verb.build.BuildVerb object at 0x7f377e1565b0>, verb_name='build', verb_parser=<colcon_defaults.argument_parser.defaults.DefaultArgumentsDecorator object at 0x7f377e156af0>)
[0.618s] Level 1:colcon.colcon_core.package_discovery:discover_packages(colcon_meta) check parameters
[0.621s] Level 1:colcon.colcon_core.package_discovery:discover_packages(recursive) check parameters
[0.621s] Level 1:colcon.colcon_core.package_discovery:discover_packages(ignore) check parameters
[0.622s] Level 1:colcon.colcon_core.package_discovery:discover_packages(path) check parameters
[0.624s] Level 1:colcon.colcon_core.package_discovery:discover_packages(colcon_meta) discover
[0.625s] Level 1:colcon.colcon_core.package_discovery:discover_packages(recursive) discover
[0.626s] INFO:colcon.colcon_core.package_discovery:Crawling recursively for packages in '/workspaces/my_ros2_ws/src/Guide_dog_Unitree_Go1'
[0.628s] Level 1:colcon.colcon_core.package_identification:_identify(.) by extensions ['ignore', 'ignore_ament_install']
[0.630s] Level 1:colcon.colcon_core.package_identification:_identify(.) by extension 'ignore'
[0.633s] Level 1:colcon.colcon_core.package_identification:_identify(.) by extension 'ignore_ament_install'
[0.636s] Level 1:colcon.colcon_core.package_identification:_identify(.) by extensions ['colcon_pkg']
[0.637s] Level 1:colcon.colcon_core.package_identification:_identify(.) by extension 'colcon_pkg'
[0.639s] Level 1:colcon.colcon_core.package_identification:_identify(.) by extensions ['colcon_meta']
[0.639s] Level 1:colcon.colcon_core.package_identification:_identify(.) by extension 'colcon_meta'
[0.640s] Level 1:colcon.colcon_core.package_identification:_identify(.) by extensions ['ros']
[0.641s] Level 1:colcon.colcon_core.package_identification:_identify(.) by extension 'ros'
[0.665s] Level 1:colcon.colcon_core.package_identification:_identify(.) by extensions ['cmake', 'python']
[0.667s] Level 1:colcon.colcon_core.package_identification:_identify(.) by extension 'cmake'
[0.668s] Level 1:colcon.colcon_core.package_identification:_identify(.) by extension 'python'
[0.670s] Level 1:colcon.colcon_core.package_identification:_identify(.) by extensions ['python_setup_py']
[0.670s] Level 1:colcon.colcon_core.package_identification:_identify(.) by extension 'python_setup_py'
[0.672s] Level 1:colcon.colcon_core.package_identification:_identify(build) by extensions ['ignore', 'ignore_ament_install']
[0.673s] Level 1:colcon.colcon_core.package_identification:_identify(build) by extension 'ignore'
[0.674s] Level 1:colcon.colcon_core.package_identification:_identify(build) ignored
[0.675s] Level 1:colcon.colcon_core.package_identification:_identify(demos) by extensions ['ignore', 'ignore_ament_install']
[0.677s] Level 1:colcon.colcon_core.package_identification:_identify(demos) by extension 'ignore'
[0.680s] Level 1:colcon.colcon_core.package_identification:_identify(demos) by extension 'ignore_ament_install'
[0.682s] Level 1:colcon.colcon_core.package_identification:_identify(demos) by extensions ['colcon_pkg']
[0.683s] Level 1:colcon.colcon_core.package_identification:_identify(demos) by extension 'colcon_pkg'
[0.684s] Level 1:colcon.colcon_core.package_identification:_identify(demos) by extensions ['colcon_meta']
[0.685s] Level 1:colcon.colcon_core.package_identification:_identify(demos) by extension 'colcon_meta'
[0.686s] Level 1:colcon.colcon_core.package_identification:_identify(demos) by extensions ['ros']
[0.687s] Level 1:colcon.colcon_core.package_identification:_identify(demos) by extension 'ros'
[0.690s] Level 1:colcon.colcon_core.package_identification:_identify(demos) by extensions ['cmake', 'python']
[0.691s] Level 1:colcon.colcon_core.package_identification:_identify(demos) by extension 'cmake'
[0.693s] Level 1:colcon.colcon_core.package_identification:_identify(demos) by extension 'python'
[0.694s] Level 1:colcon.colcon_core.package_identification:_identify(demos) by extensions ['python_setup_py']
[0.695s] Level 1:colcon.colcon_core.package_identification:_identify(demos) by extension 'python_setup_py'
[0.697s] Level 1:colcon.colcon_core.package_identification:_identify(demos/ball_track) by extensions ['ignore', 'ignore_ament_install']
[0.698s] Level 1:colcon.colcon_core.package_identification:_identify(demos/ball_track) by extension 'ignore'
[0.700s] Level 1:colcon.colcon_core.package_identification:_identify(demos/ball_track) by extension 'ignore_ament_install'
[0.702s] Level 1:colcon.colcon_core.package_identification:_identify(demos/ball_track) by extensions ['colcon_pkg']
[0.702s] Level 1:colcon.colcon_core.package_identification:_identify(demos/ball_track) by extension 'colcon_pkg'
[0.704s] Level 1:colcon.colcon_core.package_identification:_identify(demos/ball_track) by extensions ['colcon_meta']
[0.705s] Level 1:colcon.colcon_core.package_identification:_identify(demos/ball_track) by extension 'colcon_meta'
[0.706s] Level 1:colcon.colcon_core.package_identification:_identify(demos/ball_track) by extensions ['ros']
[0.707s] Level 1:colcon.colcon_core.package_identification:_identify(demos/ball_track) by extension 'ros'
[0.713s] DEBUG:colcon.colcon_core.package_identification:Package 'demos/ball_track' with type 'ros.ament_python' and name 'ball_track_ros2'
[0.714s] Level 1:colcon.colcon_core.package_identification:_identify(demos/go_republisher) by extensions ['ignore', 'ignore_ament_install']
[0.715s] Level 1:colcon.colcon_core.package_identification:_identify(demos/go_republisher) by extension 'ignore'
[0.717s] Level 1:colcon.colcon_core.package_identification:_identify(demos/go_republisher) by extension 'ignore_ament_install'
[0.719s] Level 1:colcon.colcon_core.package_identification:_identify(demos/go_republisher) by extensions ['colcon_pkg']
[0.720s] Level 1:colcon.colcon_core.package_identification:_identify(demos/go_republisher) by extension 'colcon_pkg'
[0.724s] Level 1:colcon.colcon_core.package_identification:_identify(demos/go_republisher) by extensions ['colcon_meta']
[0.725s] Level 1:colcon.colcon_core.package_identification:_identify(demos/go_republisher) by extension 'colcon_meta'
[0.726s] Level 1:colcon.colcon_core.package_identification:_identify(demos/go_republisher) by extensions ['ros']
[0.727s] Level 1:colcon.colcon_core.package_identification:_identify(demos/go_republisher) by extension 'ros'
[0.731s] DEBUG:colcon.colcon_core.package_identification:Package 'demos/go_republisher' with type 'ros.ament_python' and name 'republisher_ros2'
[0.732s] Level 1:colcon.colcon_core.package_identification:_identify(docker) by extensions ['ignore', 'ignore_ament_install']
[0.733s] Level 1:colcon.colcon_core.package_identification:_identify(docker) by extension 'ignore'
[0.734s] Level 1:colcon.colcon_core.package_identification:_identify(docker) by extension 'ignore_ament_install'
[0.737s] Level 1:colcon.colcon_core.package_identification:_identify(docker) by extensions ['colcon_pkg']
[0.738s] Level 1:colcon.colcon_core.package_identification:_identify(docker) by extension 'colcon_pkg'
[0.740s] Level 1:colcon.colcon_core.package_identification:_identify(docker) by extensions ['colcon_meta']
[0.741s] Level 1:colcon.colcon_core.package_identification:_identify(docker) by extension 'colcon_meta'
[0.742s] Level 1:colcon.colcon_core.package_identification:_identify(docker) by extensions ['ros']
[0.743s] Level 1:colcon.colcon_core.package_identification:_identify(docker) by extension 'ros'
[0.746s] Level 1:colcon.colcon_core.package_identification:_identify(docker) by extensions ['cmake', 'python']
[0.747s] Level 1:colcon.colcon_core.package_identification:_identify(docker) by extension 'cmake'
[0.748s] Level 1:colcon.colcon_core.package_identification:_identify(docker) by extension 'python'
[0.749s] Level 1:colcon.colcon_core.package_identification:_identify(docker) by extensions ['python_setup_py']
[0.750s] Level 1:colcon.colcon_core.package_identification:_identify(docker) by extension 'python_setup_py'
[0.752s] Level 1:colcon.colcon_core.package_identification:_identify(guide_dog_unitree_go1) by extensions ['ignore', 'ignore_ament_install']
[0.753s] Level 1:colcon.colcon_core.package_identification:_identify(guide_dog_unitree_go1) by extension 'ignore'
[0.754s] Level 1:colcon.colcon_core.package_identification:_identify(guide_dog_unitree_go1) by extension 'ignore_ament_install'
[0.756s] Level 1:colcon.colcon_core.package_identification:_identify(guide_dog_unitree_go1) by extensions ['colcon_pkg']
[0.757s] Level 1:colcon.colcon_core.package_identification:_identify(guide_dog_unitree_go1) by extension 'colcon_pkg'
[0.759s] Level 1:colcon.colcon_core.package_identification:_identify(guide_dog_unitree_go1) by extensions ['colcon_meta']
[0.759s] Level 1:colcon.colcon_core.package_identification:_identify(guide_dog_unitree_go1) by extension 'colcon_meta'
[0.761s] Level 1:colcon.colcon_core.package_identification:_identify(guide_dog_unitree_go1) by extensions ['ros']
[0.762s] Level 1:colcon.colcon_core.package_identification:_identify(guide_dog_unitree_go1) by extension 'ros'
[0.770s] DEBUG:colcon.colcon_core.package_identification:Package 'guide_dog_unitree_go1' with type 'ros.ament_cmake' and name 'guide_dog_unitree_go1'
[0.771s] Level 1:colcon.colcon_core.package_identification:_identify(install) by extensions ['ignore', 'ignore_ament_install']
[0.771s] Level 1:colcon.colcon_core.package_identification:_identify(install) by extension 'ignore'
[0.772s] Level 1:colcon.colcon_core.package_identification:_identify(install) ignored
[0.773s] Level 1:colcon.colcon_core.package_identification:_identify(listen_talk_ros2) by extensions ['ignore', 'ignore_ament_install']
[0.774s] Level 1:colcon.colcon_core.package_identification:_identify(listen_talk_ros2) by extension 'ignore'
[0.775s] Level 1:colcon.colcon_core.package_identification:_identify(listen_talk_ros2) by extension 'ignore_ament_install'
[0.778s] Level 1:colcon.colcon_core.package_identification:_identify(listen_talk_ros2) by extensions ['colcon_pkg']
[0.778s] Level 1:colcon.colcon_core.package_identification:_identify(listen_talk_ros2) by extension 'colcon_pkg'
[0.780s] Level 1:colcon.colcon_core.package_identification:_identify(listen_talk_ros2) by extensions ['colcon_meta']
[0.780s] Level 1:colcon.colcon_core.package_identification:_identify(listen_talk_ros2) by extension 'colcon_meta'
[0.781s] Level 1:colcon.colcon_core.package_identification:_identify(listen_talk_ros2) by extensions ['ros']
[0.784s] Level 1:colcon.colcon_core.package_identification:_identify(listen_talk_ros2) by extension 'ros'
[0.787s] Level 1:colcon.colcon_core.package_identification:_identify(listen_talk_ros2) by extensions ['cmake', 'python']
[0.788s] Level 1:colcon.colcon_core.package_identification:_identify(listen_talk_ros2) by extension 'cmake'
[0.789s] Level 1:colcon.colcon_core.package_identification:_identify(listen_talk_ros2) by extension 'python'
[0.795s] Level 1:colcon.colcon_core.package_identification:_identify(listen_talk_ros2) by extensions ['python_setup_py']
[0.796s] Level 1:colcon.colcon_core.package_identification:_identify(listen_talk_ros2) by extension 'python_setup_py'
[0.797s] Level 1:colcon.colcon_core.package_identification:_identify(listen_talk_ros2/listen_talk_ros2) by extensions ['ignore', 'ignore_ament_install']
[0.798s] Level 1:colcon.colcon_core.package_identification:_identify(listen_talk_ros2/listen_talk_ros2) by extension 'ignore'
[0.799s] Level 1:colcon.colcon_core.package_identification:_identify(listen_talk_ros2/listen_talk_ros2) by extension 'ignore_ament_install'
[0.801s] Level 1:colcon.colcon_core.package_identification:_identify(listen_talk_ros2/listen_talk_ros2) by extensions ['colcon_pkg']
[0.802s] Level 1:colcon.colcon_core.package_identification:_identify(listen_talk_ros2/listen_talk_ros2) by extension 'colcon_pkg'
[0.803s] Level 1:colcon.colcon_core.package_identification:_identify(listen_talk_ros2/listen_talk_ros2) by extensions ['colcon_meta']
[0.803s] Level 1:colcon.colcon_core.package_identification:_identify(listen_talk_ros2/listen_talk_ros2) by extension 'colcon_meta'
[0.804s] Level 1:colcon.colcon_core.package_identification:_identify(listen_talk_ros2/listen_talk_ros2) by extensions ['ros']
[0.805s] Level 1:colcon.colcon_core.package_identification:_identify(listen_talk_ros2/listen_talk_ros2) by extension 'ros'
[0.808s] DEBUG:colcon.colcon_core.package_identification:Package 'listen_talk_ros2/listen_talk_ros2' with type 'ros.ament_python' and name 'listen_talk_ros2'
[0.813s] Level 1:colcon.colcon_core.package_identification:_identify(log) by extensions ['ignore', 'ignore_ament_install']
[0.814s] Level 1:colcon.colcon_core.package_identification:_identify(log) by extension 'ignore'
[0.814s] Level 1:colcon.colcon_core.package_identification:_identify(log) ignored
[0.815s] Level 1:colcon.colcon_core.package_discovery:discover_packages(recursive) using defaults
[0.815s] Level 1:colcon.colcon_core.package_discovery:discover_packages(ignore) discover
[0.816s] Level 1:colcon.colcon_core.package_discovery:discover_packages(ignore) using defaults
[0.816s] Level 1:colcon.colcon_core.package_discovery:discover_packages(path) discover
[0.817s] Level 1:colcon.colcon_core.package_discovery:discover_packages(path) using defaults
[0.867s] INFO:colcon.colcon_core.package_selection:Skipping not selected package 'ball_track_ros2' in 'demos/ball_track'
[0.868s] INFO:colcon.colcon_core.package_selection:Skipping not selected package 'guide_dog_unitree_go1' in 'guide_dog_unitree_go1'
[0.869s] INFO:colcon.colcon_core.package_selection:Skipping not selected package 'listen_talk_ros2' in 'listen_talk_ros2/listen_talk_ros2'
[0.871s] Level 5:colcon.colcon_core.verb:set package 'republisher_ros2' build argument 'cmake_args' from command line to 'None'
[0.872s] Level 5:colcon.colcon_core.verb:set package 'republisher_ros2' build argument 'cmake_target' from command line to 'None'
[0.873s] Level 5:colcon.colcon_core.verb:set package 'republisher_ros2' build argument 'cmake_target_skip_unavailable' from command line to 'False'
[0.873s] Level 5:colcon.colcon_core.verb:set package 'republisher_ros2' build argument 'cmake_clean_cache' from command line to 'False'
[0.874s] Level 5:colcon.colcon_core.verb:set package 'republisher_ros2' build argument 'cmake_clean_first' from command line to 'False'
[0.875s] Level 5:colcon.colcon_core.verb:set package 'republisher_ros2' build argument 'cmake_force_configure' from command line to 'False'
[0.876s] Level 5:colcon.colcon_core.verb:set package 'republisher_ros2' build argument 'ament_cmake_args' from command line to 'None'
[0.876s] Level 5:colcon.colcon_core.verb:set package 'republisher_ros2' build argument 'catkin_cmake_args' from command line to 'None'
[0.877s] Level 5:colcon.colcon_core.verb:set package 'republisher_ros2' build argument 'catkin_skip_building_tests' from command line to 'False'
[0.878s] DEBUG:colcon.colcon_core.verb:Building package 'republisher_ros2' with the following arguments: {'ament_cmake_args': None, 'build_base': '/workspaces/my_ros2_ws/src/Guide_dog_Unitree_Go1/build/republisher_ros2', 'catkin_cmake_args': None, 'catkin_skip_building_tests': False, 'cmake_args': None, 'cmake_clean_cache': False, 'cmake_clean_first': False, 'cmake_force_configure': False, 'cmake_target': None, 'cmake_target_skip_unavailable': False, 'install_base': '/workspaces/my_ros2_ws/src/Guide_dog_Unitree_Go1/install/republisher_ros2', 'merge_install': False, 'path': '/workspaces/my_ros2_ws/src/Guide_dog_Unitree_Go1/demos/go_republisher', 'symlink_install': False, 'test_result_base': None}
[0.880s] INFO:colcon.colcon_core.executor:Executing jobs using 'parallel' executor
[0.888s] DEBUG:colcon.colcon_parallel_executor.executor.parallel:run_until_complete
[0.889s] INFO:colcon.colcon_ros.task.ament_python.build:Building ROS package in '/workspaces/my_ros2_ws/src/Guide_dog_Unitree_Go1/demos/go_republisher' with build type 'ament_python'
[0.890s] Level 1:colcon.colcon_core.shell:create_environment_hook('republisher_ros2', 'ament_prefix_path')
[0.909s] INFO:colcon.colcon_core.plugin_system:Skipping extension 'colcon_core.shell.bat': Not used on non-Windows systems
[0.911s] INFO:colcon.colcon_core.shell:Creating environment hook '/workspaces/my_ros2_ws/src/Guide_dog_Unitree_Go1/install/republisher_ros2/share/republisher_ros2/hook/ament_prefix_path.ps1'
[0.919s] INFO:colcon.colcon_core.shell:Creating environment descriptor '/workspaces/my_ros2_ws/src/Guide_dog_Unitree_Go1/install/republisher_ros2/share/republisher_ros2/hook/ament_prefix_path.dsv'
[0.924s] INFO:colcon.colcon_core.shell:Creating environment hook '/workspaces/my_ros2_ws/src/Guide_dog_Unitree_Go1/install/republisher_ros2/share/republisher_ros2/hook/ament_prefix_path.sh'
[0.932s] INFO:colcon.colcon_core.shell:Skip shell extension 'powershell' for command environment: Not usable outside of PowerShell
[0.933s] DEBUG:colcon.colcon_core.shell:Skip shell extension 'dsv' for command environment
[1.488s] INFO:colcon.colcon_core.task.python.build:Building Python package in '/workspaces/my_ros2_ws/src/Guide_dog_Unitree_Go1/demos/go_republisher'
[1.496s] INFO:colcon.colcon_core.shell:Skip shell extension 'powershell' for command environment: Not usable outside of PowerShell
[1.497s] DEBUG:colcon.colcon_core.shell:Skip shell extension 'dsv' for command environment
[2.274s] DEBUG:colcon.colcon_core.event_handler.log_command:Invoking command in '/workspaces/my_ros2_ws/src/Guide_dog_Unitree_Go1/demos/go_republisher': PYTHONPATH=/workspaces/my_ros2_ws/src/Guide_dog_Unitree_Go1/build/republisher_ros2/prefix_override:/workspaces/my_ros2_ws/src/Guide_dog_Unitree_Go1/install/republisher_ros2/lib/python3.8/site-packages:${PYTHONPATH} /usr/bin/python3 setup.py egg_info --egg-base ../../build/republisher_ros2 build --build-base /workspaces/my_ros2_ws/src/Guide_dog_Unitree_Go1/build/republisher_ros2/build install --record /workspaces/my_ros2_ws/src/Guide_dog_Unitree_Go1/build/republisher_ros2/install.log --single-version-externally-managed
[3.001s] DEBUG:colcon.colcon_core.event_handler.log_command:Invoked command in '/workspaces/my_ros2_ws/src/Guide_dog_Unitree_Go1/demos/go_republisher' returned '0': PYTHONPATH=/workspaces/my_ros2_ws/src/Guide_dog_Unitree_Go1/build/republisher_ros2/prefix_override:/workspaces/my_ros2_ws/src/Guide_dog_Unitree_Go1/install/republisher_ros2/lib/python3.8/site-packages:${PYTHONPATH} /usr/bin/python3 setup.py egg_info --egg-base ../../build/republisher_ros2 build --build-base /workspaces/my_ros2_ws/src/Guide_dog_Unitree_Go1/build/republisher_ros2/build install --record /workspaces/my_ros2_ws/src/Guide_dog_Unitree_Go1/build/republisher_ros2/install.log --single-version-externally-managed
[3.004s] Level 1:colcon.colcon_core.environment:checking '/workspaces/my_ros2_ws/src/Guide_dog_Unitree_Go1/install/republisher_ros2' for CMake module files
[3.020s] Level 1:colcon.colcon_core.environment:checking '/workspaces/my_ros2_ws/src/Guide_dog_Unitree_Go1/install/republisher_ros2' for CMake config files
[3.025s] Level 1:colcon.colcon_core.environment:checking '/workspaces/my_ros2_ws/src/Guide_dog_Unitree_Go1/install/republisher_ros2/lib'
[3.026s] Level 1:colcon.colcon_core.environment:checking '/workspaces/my_ros2_ws/src/Guide_dog_Unitree_Go1/install/republisher_ros2/bin'
[3.028s] Level 1:colcon.colcon_core.environment:checking '/workspaces/my_ros2_ws/src/Guide_dog_Unitree_Go1/install/republisher_ros2/lib/pkgconfig/republisher_ros2.pc'
[3.030s] Level 1:colcon.colcon_core.environment:checking '/workspaces/my_ros2_ws/src/Guide_dog_Unitree_Go1/install/republisher_ros2/lib/python3.8/site-packages'
[3.030s] Level 1:colcon.colcon_core.shell:create_environment_hook('republisher_ros2', 'pythonpath')
[3.033s] INFO:colcon.colcon_core.shell:Creating environment hook '/workspaces/my_ros2_ws/src/Guide_dog_Unitree_Go1/install/republisher_ros2/share/republisher_ros2/hook/pythonpath.ps1'
[3.037s] INFO:colcon.colcon_core.shell:Creating environment descriptor '/workspaces/my_ros2_ws/src/Guide_dog_Unitree_Go1/install/republisher_ros2/share/republisher_ros2/hook/pythonpath.dsv'
[3.041s] INFO:colcon.colcon_core.shell:Creating environment hook '/workspaces/my_ros2_ws/src/Guide_dog_Unitree_Go1/install/republisher_ros2/share/republisher_ros2/hook/pythonpath.sh'
[3.046s] Level 1:colcon.colcon_core.environment:checking '/workspaces/my_ros2_ws/src/Guide_dog_Unitree_Go1/install/republisher_ros2/bin'
[3.047s] Level 1:colcon.colcon_core.environment:create_environment_scripts_only(republisher_ros2)
[3.050s] INFO:colcon.colcon_core.shell:Creating package script '/workspaces/my_ros2_ws/src/Guide_dog_Unitree_Go1/install/republisher_ros2/share/republisher_ros2/package.ps1'
[3.054s] INFO:colcon.colcon_core.shell:Creating package descriptor '/workspaces/my_ros2_ws/src/Guide_dog_Unitree_Go1/install/republisher_ros2/share/republisher_ros2/package.dsv'
[3.060s] INFO:colcon.colcon_core.shell:Creating package script '/workspaces/my_ros2_ws/src/Guide_dog_Unitree_Go1/install/republisher_ros2/share/republisher_ros2/package.sh'
[3.066s] INFO:colcon.colcon_core.shell:Creating package script '/workspaces/my_ros2_ws/src/Guide_dog_Unitree_Go1/install/republisher_ros2/share/republisher_ros2/package.bash'
[3.072s] INFO:colcon.colcon_core.shell:Creating package script '/workspaces/my_ros2_ws/src/Guide_dog_Unitree_Go1/install/republisher_ros2/share/republisher_ros2/package.zsh'
[3.077s] Level 1:colcon.colcon_core.environment:create_file_with_runtime_dependencies(/workspaces/my_ros2_ws/src/Guide_dog_Unitree_Go1/install/republisher_ros2/share/colcon-core/packages/republisher_ros2)
[3.082s] DEBUG:colcon.colcon_parallel_executor.executor.parallel:closing loop
[3.084s] DEBUG:colcon.colcon_parallel_executor.executor.parallel:loop closed
[3.085s] DEBUG:colcon.colcon_parallel_executor.executor.parallel:run_until_complete finished with '0'
[3.088s] DEBUG:colcon.colcon_core.event_reactor:joining thread
[3.139s] INFO:colcon.colcon_core.plugin_system:Skipping extension 'colcon_notification.desktop_notification.notify_send': Could not find 'notify-send'
[3.142s] INFO:colcon.colcon_core.plugin_system:Skipping extension 'colcon_notification.desktop_notification.terminal_notifier': Not used on non-Darwin systems
[3.143s] INFO:colcon.colcon_core.plugin_system:Skipping extension 'colcon_notification.desktop_notification.win32': Not used on non-Windows systems
[3.144s] INFO:colcon.colcon_notification.desktop_notification:Sending desktop notification using 'notify2'
[3.151s] DEBUG:colcon.colcon_notification.desktop_notification.notify2:Failed to initialize notify2: org.freedesktop.DBus.Error.Spawn.ExecFailed: /usr/bin/dbus-launch terminated abnormally without any error message
[3.153s] DEBUG:colcon.colcon_core.event_reactor:joined thread
[3.159s] INFO:colcon.colcon_core.shell:Creating prefix script '/workspaces/my_ros2_ws/src/Guide_dog_Unitree_Go1/install/local_setup.ps1'
[3.168s] INFO:colcon.colcon_core.shell:Creating prefix util module '/workspaces/my_ros2_ws/src/Guide_dog_Unitree_Go1/install/_local_setup_util_ps1.py'
[3.178s] INFO:colcon.colcon_core.shell:Creating prefix chain script '/workspaces/my_ros2_ws/src/Guide_dog_Unitree_Go1/install/setup.ps1'
[3.210s] INFO:colcon.colcon_core.shell:Creating prefix script '/workspaces/my_ros2_ws/src/Guide_dog_Unitree_Go1/install/local_setup.sh'
[3.215s] INFO:colcon.colcon_core.shell:Creating prefix util module '/workspaces/my_ros2_ws/src/Guide_dog_Unitree_Go1/install/_local_setup_util_sh.py'
[3.221s] INFO:colcon.colcon_core.shell:Creating prefix chain script '/workspaces/my_ros2_ws/src/Guide_dog_Unitree_Go1/install/setup.sh'
[3.244s] INFO:colcon.colcon_core.shell:Creating prefix script '/workspaces/my_ros2_ws/src/Guide_dog_Unitree_Go1/install/local_setup.bash'
[3.253s] INFO:colcon.colcon_core.shell:Creating prefix chain script '/workspaces/my_ros2_ws/src/Guide_dog_Unitree_Go1/install/setup.bash'
[3.279s] INFO:colcon.colcon_core.shell:Creating prefix script '/workspaces/my_ros2_ws/src/Guide_dog_Unitree_Go1/install/local_setup.zsh'
[3.284s] INFO:colcon.colcon_core.shell:Creating prefix chain script '/workspaces/my_ros2_ws/src/Guide_dog_Unitree_Go1/install/setup.zsh'
