[1.491s] Invoking command in '/workspaces/my_ros2_ws/src/Guide_dog_Unitree_Go1/demos/go_republisher': PYTHONPATH=/workspaces/my_ros2_ws/src/Guide_dog_Unitree_Go1/build/republisher_ros2/prefix_override:/workspaces/my_ros2_ws/src/Guide_dog_Unitree_Go1/install/republisher_ros2/lib/python3.8/site-packages:${PYTHONPATH} /usr/bin/python3 setup.py egg_info --egg-base ../../build/republisher_ros2 build --build-base /workspaces/my_ros2_ws/src/Guide_dog_Unitree_Go1/build/republisher_ros2/build install --record /workspaces/my_ros2_ws/src/Guide_dog_Unitree_Go1/build/republisher_ros2/install.log --single-version-externally-managed
[1.870s] running egg_info
[1.876s] writing ../../build/republisher_ros2/republisher_ros2.egg-info/PKG-INFO
[1.881s] writing dependency_links to ../../build/republisher_ros2/republisher_ros2.egg-info/dependency_links.txt
[1.887s] writing entry points to ../../build/republisher_ros2/republisher_ros2.egg-info/entry_points.txt
[1.894s] writing requirements to ../../build/republisher_ros2/republisher_ros2.egg-info/requires.txt
[1.900s] writing top-level names to ../../build/republisher_ros2/republisher_ros2.egg-info/top_level.txt
[1.971s] reading manifest file '../../build/republisher_ros2/republisher_ros2.egg-info/SOURCES.txt'
[1.978s] writing manifest file '../../build/republisher_ros2/republisher_ros2.egg-info/SOURCES.txt'
[1.982s] running build
[1.985s] running build_py
[1.988s] running install
[1.990s] running install_lib
[1.994s] running install_data
[1.997s] running install_egg_info
[2.004s] removing '/workspaces/my_ros2_ws/src/Guide_dog_Unitree_Go1/install/republisher_ros2/lib/python3.8/site-packages/republisher_ros2-0.0.0-py3.8.egg-info' (and everything under it)
[2.016s] Copying ../../build/republisher_ros2/republisher_ros2.egg-info to /workspaces/my_ros2_ws/src/Guide_dog_Unitree_Go1/install/republisher_ros2/lib/python3.8/site-packages/republisher_ros2-0.0.0-py3.8.egg-info
[2.103s] running install_scripts
[2.147s] Installing mono_node script to /workspaces/my_ros2_ws/src/Guide_dog_Unitree_Go1/install/republisher_ros2/lib/republisher_ros2
[2.156s] writing list of installed files to '/workspaces/my_ros2_ws/src/Guide_dog_Unitree_Go1/build/republisher_ros2/install.log'
[2.195s] Invoked command in '/workspaces/my_ros2_ws/src/Guide_dog_Unitree_Go1/demos/go_republisher' returned '0': PYTHONPATH=/workspaces/my_ros2_ws/src/Guide_dog_Unitree_Go1/build/republisher_ros2/prefix_override:/workspaces/my_ros2_ws/src/Guide_dog_Unitree_Go1/install/republisher_ros2/lib/python3.8/site-packages:${PYTHONPATH} /usr/bin/python3 setup.py egg_info --egg-base ../../build/republisher_ros2 build --build-base /workspaces/my_ros2_ws/src/Guide_dog_Unitree_Go1/build/republisher_ros2/build install --record /workspaces/my_ros2_ws/src/Guide_dog_Unitree_Go1/build/republisher_ros2/install.log --single-version-externally-managed
