[1.117s] DEBUG:colcon:Command line arguments: ['/usr/bin/colcon', 'build', '--packages-select', 'republisher_ros2']
[1.118s] DEBUG:colcon:Parsed command line arguments: Namespace(ament_cmake_args=None, base_paths=['.'], build_base='build', catkin_cmake_args=None, catkin_skip_building_tests=False, cmake_args=None, cmake_clean_cache=False, cmake_clean_first=False, cmake_force_configure=False, cmake_target=None, cmake_target_skip_unavailable=False, continue_on_error=False, event_handlers=None, executor='parallel', ignore_user_meta=False, install_base='install', log_base=None, log_level=None, main=<bound method BuildVerb.main of <colcon_core.verb.build.BuildVerb object at 0x7fa8e90b8a60>>, merge_install=False, metas=['./colcon.meta'], packages_above=None, packages_above_and_dependencies=None, packages_above_depth=None, packages_end=None, packages_ignore=None, packages_ignore_regex=None, packages_select=['republisher_ros2'], packages_select_build_failed=False, packages_select_by_dep=None, packages_select_regex=None, packages_select_test_failures=False, packages_skip=None, packages_skip_build_finished=False, packages_skip_by_dep=None, packages_skip_regex=None, packages_skip_test_passed=False, packages_skip_up_to=None, packages_start=None, packages_up_to=None, packages_up_to_regex=None, parallel_workers=4, paths=None, symlink_install=False, test_result_base=None, verb_extension=<colcon_core.verb.build.BuildVerb object at 0x7fa8e90b8a60>, verb_name='build', verb_parser=<colcon_defaults.argument_parser.defaults.DefaultArgumentsDecorator object at 0x7fa8e9042040>)
[1.270s] Level 1:colcon.colcon_core.package_discovery:discover_packages(colcon_meta) check parameters
[1.273s] Level 1:colcon.colcon_core.package_discovery:discover_packages(recursive) check parameters
[1.275s] Level 1:colcon.colcon_core.package_discovery:discover_packages(ignore) check parameters
[1.276s] Level 1:colcon.colcon_core.package_discovery:discover_packages(path) check parameters
[1.277s] Level 1:colcon.colcon_core.package_discovery:discover_packages(colcon_meta) discover
[1.278s] Level 1:colcon.colcon_core.package_discovery:discover_packages(recursive) discover
[1.279s] INFO:colcon.colcon_core.package_discovery:Crawling recursively for packages in '/workspaces/my_ros2_ws/src/Guide_dog_Unitree_Go1'
[1.282s] Level 1:colcon.colcon_core.package_identification:_identify(.) by extensions ['ignore', 'ignore_ament_install']
[1.284s] Level 1:colcon.colcon_core.package_identification:_identify(.) by extension 'ignore'
[1.285s] Level 1:colcon.colcon_core.package_identification:_identify(.) by extension 'ignore_ament_install'
[1.290s] Level 1:colcon.colcon_core.package_identification:_identify(.) by extensions ['colcon_pkg']
[1.291s] Level 1:colcon.colcon_core.package_identification:_identify(.) by extension 'colcon_pkg'
[1.293s] Level 1:colcon.colcon_core.package_identification:_identify(.) by extensions ['colcon_meta']
[1.293s] Level 1:colcon.colcon_core.package_identification:_identify(.) by extension 'colcon_meta'
[1.294s] Level 1:colcon.colcon_core.package_identification:_identify(.) by extensions ['ros']
[1.295s] Level 1:colcon.colcon_core.package_identification:_identify(.) by extension 'ros'
[1.351s] Level 1:colcon.colcon_core.package_identification:_identify(.) by extensions ['cmake', 'python']
[1.352s] Level 1:colcon.colcon_core.package_identification:_identify(.) by extension 'cmake'
[1.353s] Level 1:colcon.colcon_core.package_identification:_identify(.) by extension 'python'
[1.354s] Level 1:colcon.colcon_core.package_identification:_identify(.) by extensions ['python_setup_py']
[1.355s] Level 1:colcon.colcon_core.package_identification:_identify(.) by extension 'python_setup_py'
[1.358s] Level 1:colcon.colcon_core.package_identification:_identify(build) by extensions ['ignore', 'ignore_ament_install']
[1.359s] Level 1:colcon.colcon_core.package_identification:_identify(build) by extension 'ignore'
[1.359s] Level 1:colcon.colcon_core.package_identification:_identify(build) ignored
[1.361s] Level 1:colcon.colcon_core.package_identification:_identify(demos) by extensions ['ignore', 'ignore_ament_install']
[1.362s] Level 1:colcon.colcon_core.package_identification:_identify(demos) by extension 'ignore'
[1.364s] Level 1:colcon.colcon_core.package_identification:_identify(demos) by extension 'ignore_ament_install'
[1.369s] Level 1:colcon.colcon_core.package_identification:_identify(demos) by extensions ['colcon_pkg']
[1.370s] Level 1:colcon.colcon_core.package_identification:_identify(demos) by extension 'colcon_pkg'
[1.373s] Level 1:colcon.colcon_core.package_identification:_identify(demos) by extensions ['colcon_meta']
[1.374s] Level 1:colcon.colcon_core.package_identification:_identify(demos) by extension 'colcon_meta'
[1.375s] Level 1:colcon.colcon_core.package_identification:_identify(demos) by extensions ['ros']
[1.375s] Level 1:colcon.colcon_core.package_identification:_identify(demos) by extension 'ros'
[1.384s] Level 1:colcon.colcon_core.package_identification:_identify(demos) by extensions ['cmake', 'python']
[1.387s] Level 1:colcon.colcon_core.package_identification:_identify(demos) by extension 'cmake'
[1.390s] Level 1:colcon.colcon_core.package_identification:_identify(demos) by extension 'python'
[1.393s] Level 1:colcon.colcon_core.package_identification:_identify(demos) by extensions ['python_setup_py']
[1.393s] Level 1:colcon.colcon_core.package_identification:_identify(demos) by extension 'python_setup_py'
[1.397s] Level 1:colcon.colcon_core.package_identification:_identify(demos/ball_track) by extensions ['ignore', 'ignore_ament_install']
[1.398s] Level 1:colcon.colcon_core.package_identification:_identify(demos/ball_track) by extension 'ignore'
[1.400s] Level 1:colcon.colcon_core.package_identification:_identify(demos/ball_track) by extension 'ignore_ament_install'
[1.403s] Level 1:colcon.colcon_core.package_identification:_identify(demos/ball_track) by extensions ['colcon_pkg']
[1.404s] Level 1:colcon.colcon_core.package_identification:_identify(demos/ball_track) by extension 'colcon_pkg'
[1.405s] Level 1:colcon.colcon_core.package_identification:_identify(demos/ball_track) by extensions ['colcon_meta']
[1.406s] Level 1:colcon.colcon_core.package_identification:_identify(demos/ball_track) by extension 'colcon_meta'
[1.407s] Level 1:colcon.colcon_core.package_identification:_identify(demos/ball_track) by extensions ['ros']
[1.407s] Level 1:colcon.colcon_core.package_identification:_identify(demos/ball_track) by extension 'ros'
[1.417s] DEBUG:colcon.colcon_core.package_identification:Package 'demos/ball_track' with type 'ros.ament_python' and name 'ball_track_ros2'
[1.418s] Level 1:colcon.colcon_core.package_identification:_identify(demos/go_republisher) by extensions ['ignore', 'ignore_ament_install']
[1.420s] Level 1:colcon.colcon_core.package_identification:_identify(demos/go_republisher) by extension 'ignore'
[1.421s] Level 1:colcon.colcon_core.package_identification:_identify(demos/go_republisher) by extension 'ignore_ament_install'
[1.426s] Level 1:colcon.colcon_core.package_identification:_identify(demos/go_republisher) by extensions ['colcon_pkg']
[1.428s] Level 1:colcon.colcon_core.package_identification:_identify(demos/go_republisher) by extension 'colcon_pkg'
[1.434s] Level 1:colcon.colcon_core.package_identification:_identify(demos/go_republisher) by extensions ['colcon_meta']
[1.437s] Level 1:colcon.colcon_core.package_identification:_identify(demos/go_republisher) by extension 'colcon_meta'
[1.438s] Level 1:colcon.colcon_core.package_identification:_identify(demos/go_republisher) by extensions ['ros']
[1.440s] Level 1:colcon.colcon_core.package_identification:_identify(demos/go_republisher) by extension 'ros'
[1.450s] DEBUG:colcon.colcon_core.package_identification:Package 'demos/go_republisher' with type 'ros.ament_python' and name 'republisher_ros2'
[1.452s] Level 1:colcon.colcon_core.package_identification:_identify(docker) by extensions ['ignore', 'ignore_ament_install']
[1.453s] Level 1:colcon.colcon_core.package_identification:_identify(docker) by extension 'ignore'
[1.457s] Level 1:colcon.colcon_core.package_identification:_identify(docker) by extension 'ignore_ament_install'
[1.462s] Level 1:colcon.colcon_core.package_identification:_identify(docker) by extensions ['colcon_pkg']
[1.463s] Level 1:colcon.colcon_core.package_identification:_identify(docker) by extension 'colcon_pkg'
[1.466s] Level 1:colcon.colcon_core.package_identification:_identify(docker) by extensions ['colcon_meta']
[1.467s] Level 1:colcon.colcon_core.package_identification:_identify(docker) by extension 'colcon_meta'
[1.468s] Level 1:colcon.colcon_core.package_identification:_identify(docker) by extensions ['ros']
[1.470s] Level 1:colcon.colcon_core.package_identification:_identify(docker) by extension 'ros'
[1.498s] Level 1:colcon.colcon_core.package_identification:_identify(docker) by extensions ['cmake', 'python']
[1.499s] Level 1:colcon.colcon_core.package_identification:_identify(docker) by extension 'cmake'
[1.502s] Level 1:colcon.colcon_core.package_identification:_identify(docker) by extension 'python'
[1.504s] Level 1:colcon.colcon_core.package_identification:_identify(docker) by extensions ['python_setup_py']
[1.505s] Level 1:colcon.colcon_core.package_identification:_identify(docker) by extension 'python_setup_py'
[1.508s] Level 1:colcon.colcon_core.package_identification:_identify(guide_dog_unitree_go1) by extensions ['ignore', 'ignore_ament_install']
[1.509s] Level 1:colcon.colcon_core.package_identification:_identify(guide_dog_unitree_go1) by extension 'ignore'
[1.511s] Level 1:colcon.colcon_core.package_identification:_identify(guide_dog_unitree_go1) by extension 'ignore_ament_install'
[1.514s] Level 1:colcon.colcon_core.package_identification:_identify(guide_dog_unitree_go1) by extensions ['colcon_pkg']
[1.515s] Level 1:colcon.colcon_core.package_identification:_identify(guide_dog_unitree_go1) by extension 'colcon_pkg'
[1.517s] Level 1:colcon.colcon_core.package_identification:_identify(guide_dog_unitree_go1) by extensions ['colcon_meta']
[1.518s] Level 1:colcon.colcon_core.package_identification:_identify(guide_dog_unitree_go1) by extension 'colcon_meta'
[1.521s] Level 1:colcon.colcon_core.package_identification:_identify(guide_dog_unitree_go1) by extensions ['ros']
[1.522s] Level 1:colcon.colcon_core.package_identification:_identify(guide_dog_unitree_go1) by extension 'ros'
[1.529s] DEBUG:colcon.colcon_core.package_identification:Package 'guide_dog_unitree_go1' with type 'ros.ament_cmake' and name 'guide_dog_unitree_go1'
[1.532s] Level 1:colcon.colcon_core.package_identification:_identify(install) by extensions ['ignore', 'ignore_ament_install']
[1.533s] Level 1:colcon.colcon_core.package_identification:_identify(install) by extension 'ignore'
[1.535s] Level 1:colcon.colcon_core.package_identification:_identify(install) ignored
[1.536s] Level 1:colcon.colcon_core.package_identification:_identify(listen_talk_ros2) by extensions ['ignore', 'ignore_ament_install']
[1.538s] Level 1:colcon.colcon_core.package_identification:_identify(listen_talk_ros2) by extension 'ignore'
[1.540s] Level 1:colcon.colcon_core.package_identification:_identify(listen_talk_ros2) by extension 'ignore_ament_install'
[1.544s] Level 1:colcon.colcon_core.package_identification:_identify(listen_talk_ros2) by extensions ['colcon_pkg']
[1.545s] Level 1:colcon.colcon_core.package_identification:_identify(listen_talk_ros2) by extension 'colcon_pkg'
[1.547s] Level 1:colcon.colcon_core.package_identification:_identify(listen_talk_ros2) by extensions ['colcon_meta']
[1.548s] Level 1:colcon.colcon_core.package_identification:_identify(listen_talk_ros2) by extension 'colcon_meta'
[1.549s] Level 1:colcon.colcon_core.package_identification:_identify(listen_talk_ros2) by extensions ['ros']
[1.551s] Level 1:colcon.colcon_core.package_identification:_identify(listen_talk_ros2) by extension 'ros'
[1.559s] Level 1:colcon.colcon_core.package_identification:_identify(listen_talk_ros2) by extensions ['cmake', 'python']
[1.561s] Level 1:colcon.colcon_core.package_identification:_identify(listen_talk_ros2) by extension 'cmake'
[1.563s] Level 1:colcon.colcon_core.package_identification:_identify(listen_talk_ros2) by extension 'python'
[1.565s] Level 1:colcon.colcon_core.package_identification:_identify(listen_talk_ros2) by extensions ['python_setup_py']
[1.566s] Level 1:colcon.colcon_core.package_identification:_identify(listen_talk_ros2) by extension 'python_setup_py'
[1.568s] Level 1:colcon.colcon_core.package_identification:_identify(listen_talk_ros2/listen_talk_ros2) by extensions ['ignore', 'ignore_ament_install']
[1.569s] Level 1:colcon.colcon_core.package_identification:_identify(listen_talk_ros2/listen_talk_ros2) by extension 'ignore'
[1.570s] Level 1:colcon.colcon_core.package_identification:_identify(listen_talk_ros2/listen_talk_ros2) by extension 'ignore_ament_install'
[1.573s] Level 1:colcon.colcon_core.package_identification:_identify(listen_talk_ros2/listen_talk_ros2) by extensions ['colcon_pkg']
[1.574s] Level 1:colcon.colcon_core.package_identification:_identify(listen_talk_ros2/listen_talk_ros2) by extension 'colcon_pkg'
[1.575s] Level 1:colcon.colcon_core.package_identification:_identify(listen_talk_ros2/listen_talk_ros2) by extensions ['colcon_meta']
[1.576s] Level 1:colcon.colcon_core.package_identification:_identify(listen_talk_ros2/listen_talk_ros2) by extension 'colcon_meta'
[1.577s] Level 1:colcon.colcon_core.package_identification:_identify(listen_talk_ros2/listen_talk_ros2) by extensions ['ros']
[1.578s] Level 1:colcon.colcon_core.package_identification:_identify(listen_talk_ros2/listen_talk_ros2) by extension 'ros'
[1.583s] DEBUG:colcon.colcon_core.package_identification:Package 'listen_talk_ros2/listen_talk_ros2' with type 'ros.ament_python' and name 'listen_talk_ros2'
[1.591s] Level 1:colcon.colcon_core.package_identification:_identify(log) by extensions ['ignore', 'ignore_ament_install']
[1.591s] Level 1:colcon.colcon_core.package_identification:_identify(log) by extension 'ignore'
[1.593s] Level 1:colcon.colcon_core.package_identification:_identify(log) ignored
[1.594s] Level 1:colcon.colcon_core.package_discovery:discover_packages(recursive) using defaults
[1.595s] Level 1:colcon.colcon_core.package_discovery:discover_packages(ignore) discover
[1.596s] Level 1:colcon.colcon_core.package_discovery:discover_packages(ignore) using defaults
[1.596s] Level 1:colcon.colcon_core.package_discovery:discover_packages(path) discover
[1.597s] Level 1:colcon.colcon_core.package_discovery:discover_packages(path) using defaults
[1.699s] INFO:colcon.colcon_core.package_selection:Skipping not selected package 'ball_track_ros2' in 'demos/ball_track'
[1.701s] INFO:colcon.colcon_core.package_selection:Skipping not selected package 'guide_dog_unitree_go1' in 'guide_dog_unitree_go1'
[1.702s] INFO:colcon.colcon_core.package_selection:Skipping not selected package 'listen_talk_ros2' in 'listen_talk_ros2/listen_talk_ros2'
[1.706s] Level 5:colcon.colcon_core.verb:set package 'republisher_ros2' build argument 'cmake_args' from command line to 'None'
[1.708s] Level 5:colcon.colcon_core.verb:set package 'republisher_ros2' build argument 'cmake_target' from command line to 'None'
[1.709s] Level 5:colcon.colcon_core.verb:set package 'republisher_ros2' build argument 'cmake_target_skip_unavailable' from command line to 'False'
[1.710s] Level 5:colcon.colcon_core.verb:set package 'republisher_ros2' build argument 'cmake_clean_cache' from command line to 'False'
[1.711s] Level 5:colcon.colcon_core.verb:set package 'republisher_ros2' build argument 'cmake_clean_first' from command line to 'False'
[1.713s] Level 5:colcon.colcon_core.verb:set package 'republisher_ros2' build argument 'cmake_force_configure' from command line to 'False'
[1.714s] Level 5:colcon.colcon_core.verb:set package 'republisher_ros2' build argument 'ament_cmake_args' from command line to 'None'
[1.715s] Level 5:colcon.colcon_core.verb:set package 'republisher_ros2' build argument 'catkin_cmake_args' from command line to 'None'
[1.717s] Level 5:colcon.colcon_core.verb:set package 'republisher_ros2' build argument 'catkin_skip_building_tests' from command line to 'False'
[1.718s] DEBUG:colcon.colcon_core.verb:Building package 'republisher_ros2' with the following arguments: {'ament_cmake_args': None, 'build_base': '/workspaces/my_ros2_ws/src/Guide_dog_Unitree_Go1/build/republisher_ros2', 'catkin_cmake_args': None, 'catkin_skip_building_tests': False, 'cmake_args': None, 'cmake_clean_cache': False, 'cmake_clean_first': False, 'cmake_force_configure': False, 'cmake_target': None, 'cmake_target_skip_unavailable': False, 'install_base': '/workspaces/my_ros2_ws/src/Guide_dog_Unitree_Go1/install/republisher_ros2', 'merge_install': False, 'path': '/workspaces/my_ros2_ws/src/Guide_dog_Unitree_Go1/demos/go_republisher', 'symlink_install': False, 'test_result_base': None}
[1.721s] INFO:colcon.colcon_core.executor:Executing jobs using 'parallel' executor
[1.737s] DEBUG:colcon.colcon_parallel_executor.executor.parallel:run_until_complete
[1.740s] INFO:colcon.colcon_ros.task.ament_python.build:Building ROS package in '/workspaces/my_ros2_ws/src/Guide_dog_Unitree_Go1/demos/go_republisher' with build type 'ament_python'
[1.744s] Level 1:colcon.colcon_core.shell:create_environment_hook('republisher_ros2', 'ament_prefix_path')
[1.764s] INFO:colcon.colcon_core.plugin_system:Skipping extension 'colcon_core.shell.bat': Not used on non-Windows systems
[1.765s] INFO:colcon.colcon_core.shell:Creating environment hook '/workspaces/my_ros2_ws/src/Guide_dog_Unitree_Go1/install/republisher_ros2/share/republisher_ros2/hook/ament_prefix_path.ps1'
[1.802s] INFO:colcon.colcon_core.shell:Creating environment descriptor '/workspaces/my_ros2_ws/src/Guide_dog_Unitree_Go1/install/republisher_ros2/share/republisher_ros2/hook/ament_prefix_path.dsv'
[1.811s] INFO:colcon.colcon_core.shell:Creating environment hook '/workspaces/my_ros2_ws/src/Guide_dog_Unitree_Go1/install/republisher_ros2/share/republisher_ros2/hook/ament_prefix_path.sh'
[1.825s] INFO:colcon.colcon_core.shell:Skip shell extension 'powershell' for command environment: Not usable outside of PowerShell
[1.826s] DEBUG:colcon.colcon_core.shell:Skip shell extension 'dsv' for command environment
[2.669s] INFO:colcon.colcon_core.task.python.build:Building Python package in '/workspaces/my_ros2_ws/src/Guide_dog_Unitree_Go1/demos/go_republisher'
[2.683s] INFO:colcon.colcon_core.shell:Skip shell extension 'powershell' for command environment: Not usable outside of PowerShell
[2.684s] DEBUG:colcon.colcon_core.shell:Skip shell extension 'dsv' for command environment
[4.107s] DEBUG:colcon.colcon_core.event_handler.log_command:Invoking command in '/workspaces/my_ros2_ws/src/Guide_dog_Unitree_Go1/demos/go_republisher': PYTHONPATH=/workspaces/my_ros2_ws/src/Guide_dog_Unitree_Go1/build/republisher_ros2/prefix_override:/workspaces/my_ros2_ws/src/Guide_dog_Unitree_Go1/install/republisher_ros2/lib/python3.8/site-packages:${PYTHONPATH} /usr/bin/python3 setup.py egg_info --egg-base ../../build/republisher_ros2 build --build-base /workspaces/my_ros2_ws/src/Guide_dog_Unitree_Go1/build/republisher_ros2/build install --record /workspaces/my_ros2_ws/src/Guide_dog_Unitree_Go1/build/republisher_ros2/install.log --single-version-externally-managed
[5.495s] DEBUG:colcon.colcon_core.event_handler.log_command:Invoked command in '/workspaces/my_ros2_ws/src/Guide_dog_Unitree_Go1/demos/go_republisher' returned '0': PYTHONPATH=/workspaces/my_ros2_ws/src/Guide_dog_Unitree_Go1/build/republisher_ros2/prefix_override:/workspaces/my_ros2_ws/src/Guide_dog_Unitree_Go1/install/republisher_ros2/lib/python3.8/site-packages:${PYTHONPATH} /usr/bin/python3 setup.py egg_info --egg-base ../../build/republisher_ros2 build --build-base /workspaces/my_ros2_ws/src/Guide_dog_Unitree_Go1/build/republisher_ros2/build install --record /workspaces/my_ros2_ws/src/Guide_dog_Unitree_Go1/build/republisher_ros2/install.log --single-version-externally-managed
[5.519s] Level 1:colcon.colcon_core.environment:checking '/workspaces/my_ros2_ws/src/Guide_dog_Unitree_Go1/install/republisher_ros2' for CMake module files
[5.560s] Level 1:colcon.colcon_core.environment:checking '/workspaces/my_ros2_ws/src/Guide_dog_Unitree_Go1/install/republisher_ros2' for CMake config files
[5.605s] Level 1:colcon.colcon_core.environment:checking '/workspaces/my_ros2_ws/src/Guide_dog_Unitree_Go1/install/republisher_ros2/lib'
[5.615s] Level 1:colcon.colcon_core.environment:checking '/workspaces/my_ros2_ws/src/Guide_dog_Unitree_Go1/install/republisher_ros2/bin'
[5.621s] Level 1:colcon.colcon_core.environment:checking '/workspaces/my_ros2_ws/src/Guide_dog_Unitree_Go1/install/republisher_ros2/lib/pkgconfig/republisher_ros2.pc'
[5.625s] Level 1:colcon.colcon_core.environment:checking '/workspaces/my_ros2_ws/src/Guide_dog_Unitree_Go1/install/republisher_ros2/lib/python3.8/site-packages'
[5.626s] Level 1:colcon.colcon_core.shell:create_environment_hook('republisher_ros2', 'pythonpath')
[5.639s] INFO:colcon.colcon_core.shell:Creating environment hook '/workspaces/my_ros2_ws/src/Guide_dog_Unitree_Go1/install/republisher_ros2/share/republisher_ros2/hook/pythonpath.ps1'
[5.659s] INFO:colcon.colcon_core.shell:Creating environment descriptor '/workspaces/my_ros2_ws/src/Guide_dog_Unitree_Go1/install/republisher_ros2/share/republisher_ros2/hook/pythonpath.dsv'
[5.671s] INFO:colcon.colcon_core.shell:Creating environment hook '/workspaces/my_ros2_ws/src/Guide_dog_Unitree_Go1/install/republisher_ros2/share/republisher_ros2/hook/pythonpath.sh'
[5.688s] Level 1:colcon.colcon_core.environment:checking '/workspaces/my_ros2_ws/src/Guide_dog_Unitree_Go1/install/republisher_ros2/bin'
[5.693s] Level 1:colcon.colcon_core.environment:create_environment_scripts_only(republisher_ros2)
[5.700s] INFO:colcon.colcon_core.shell:Creating package script '/workspaces/my_ros2_ws/src/Guide_dog_Unitree_Go1/install/republisher_ros2/share/republisher_ros2/package.ps1'
[5.717s] INFO:colcon.colcon_core.shell:Creating package descriptor '/workspaces/my_ros2_ws/src/Guide_dog_Unitree_Go1/install/republisher_ros2/share/republisher_ros2/package.dsv'
[5.734s] INFO:colcon.colcon_core.shell:Creating package script '/workspaces/my_ros2_ws/src/Guide_dog_Unitree_Go1/install/republisher_ros2/share/republisher_ros2/package.sh'
[5.751s] INFO:colcon.colcon_core.shell:Creating package script '/workspaces/my_ros2_ws/src/Guide_dog_Unitree_Go1/install/republisher_ros2/share/republisher_ros2/package.bash'
[5.767s] INFO:colcon.colcon_core.shell:Creating package script '/workspaces/my_ros2_ws/src/Guide_dog_Unitree_Go1/install/republisher_ros2/share/republisher_ros2/package.zsh'
[5.786s] Level 1:colcon.colcon_core.environment:create_file_with_runtime_dependencies(/workspaces/my_ros2_ws/src/Guide_dog_Unitree_Go1/install/republisher_ros2/share/colcon-core/packages/republisher_ros2)
[5.803s] DEBUG:colcon.colcon_parallel_executor.executor.parallel:closing loop
[5.806s] DEBUG:colcon.colcon_parallel_executor.executor.parallel:loop closed
[5.809s] DEBUG:colcon.colcon_parallel_executor.executor.parallel:run_until_complete finished with '0'
[5.810s] DEBUG:colcon.colcon_core.event_reactor:joining thread
[5.886s] INFO:colcon.colcon_core.plugin_system:Skipping extension 'colcon_notification.desktop_notification.notify_send': Could not find 'notify-send'
[5.889s] INFO:colcon.colcon_core.plugin_system:Skipping extension 'colcon_notification.desktop_notification.terminal_notifier': Not used on non-Darwin systems
[5.890s] INFO:colcon.colcon_core.plugin_system:Skipping extension 'colcon_notification.desktop_notification.win32': Not used on non-Windows systems
[5.892s] INFO:colcon.colcon_notification.desktop_notification:Sending desktop notification using 'notify2'
[5.909s] DEBUG:colcon.colcon_notification.desktop_notification.notify2:Failed to initialize notify2: org.freedesktop.DBus.Error.Spawn.ExecFailed: /usr/bin/dbus-launch terminated abnormally without any error message
[5.911s] DEBUG:colcon.colcon_core.event_reactor:joined thread
[5.916s] INFO:colcon.colcon_core.shell:Creating prefix script '/workspaces/my_ros2_ws/src/Guide_dog_Unitree_Go1/install/local_setup.ps1'
[5.929s] INFO:colcon.colcon_core.shell:Creating prefix util module '/workspaces/my_ros2_ws/src/Guide_dog_Unitree_Go1/install/_local_setup_util_ps1.py'
[5.950s] INFO:colcon.colcon_core.shell:Creating prefix chain script '/workspaces/my_ros2_ws/src/Guide_dog_Unitree_Go1/install/setup.ps1'
[6.025s] INFO:colcon.colcon_core.shell:Creating prefix script '/workspaces/my_ros2_ws/src/Guide_dog_Unitree_Go1/install/local_setup.sh'
[6.049s] INFO:colcon.colcon_core.shell:Creating prefix util module '/workspaces/my_ros2_ws/src/Guide_dog_Unitree_Go1/install/_local_setup_util_sh.py'
[6.069s] INFO:colcon.colcon_core.shell:Creating prefix chain script '/workspaces/my_ros2_ws/src/Guide_dog_Unitree_Go1/install/setup.sh'
[6.139s] INFO:colcon.colcon_core.shell:Creating prefix script '/workspaces/my_ros2_ws/src/Guide_dog_Unitree_Go1/install/local_setup.bash'
[6.153s] INFO:colcon.colcon_core.shell:Creating prefix chain script '/workspaces/my_ros2_ws/src/Guide_dog_Unitree_Go1/install/setup.bash'
[6.213s] INFO:colcon.colcon_core.shell:Creating prefix script '/workspaces/my_ros2_ws/src/Guide_dog_Unitree_Go1/install/local_setup.zsh'
[6.230s] INFO:colcon.colcon_core.shell:Creating prefix chain script '/workspaces/my_ros2_ws/src/Guide_dog_Unitree_Go1/install/setup.zsh'
