[0.629s] DEBUG:colcon:Command line arguments: ['/usr/bin/colcon', 'build', '--packages-select', 'republisher_ros2']
[0.630s] DEBUG:colcon:Parsed command line arguments: Namespace(ament_cmake_args=None, base_paths=['.'], build_base='build', catkin_cmake_args=None, catkin_skip_building_tests=False, cmake_args=None, cmake_clean_cache=False, cmake_clean_first=False, cmake_force_configure=False, cmake_target=None, cmake_target_skip_unavailable=False, continue_on_error=False, event_handlers=None, executor='parallel', ignore_user_meta=False, install_base='install', log_base=None, log_level=None, main=<bound method BuildVerb.main of <colcon_core.verb.build.BuildVerb object at 0x7f754988a160>>, merge_install=False, metas=['./colcon.meta'], packages_above=None, packages_above_and_dependencies=None, packages_above_depth=None, packages_end=None, packages_ignore=None, packages_ignore_regex=None, packages_select=['republisher_ros2'], packages_select_build_failed=False, packages_select_by_dep=None, packages_select_regex=None, packages_select_test_failures=False, packages_skip=None, packages_skip_build_finished=False, packages_skip_by_dep=None, packages_skip_regex=None, packages_skip_test_passed=False, packages_skip_up_to=None, packages_start=None, packages_up_to=None, packages_up_to_regex=None, parallel_workers=4, paths=None, symlink_install=False, test_result_base=None, verb_extension=<colcon_core.verb.build.BuildVerb object at 0x7f754988a160>, verb_name='build', verb_parser=<colcon_defaults.argument_parser.defaults.DefaultArgumentsDecorator object at 0x7f754988a6a0>)
[0.717s] Level 1:colcon.colcon_core.package_discovery:discover_packages(colcon_meta) check parameters
[0.719s] Level 1:colcon.colcon_core.package_discovery:discover_packages(recursive) check parameters
[0.720s] Level 1:colcon.colcon_core.package_discovery:discover_packages(ignore) check parameters
[0.721s] Level 1:colcon.colcon_core.package_discovery:discover_packages(path) check parameters
[0.723s] Level 1:colcon.colcon_core.package_discovery:discover_packages(colcon_meta) discover
[0.724s] Level 1:colcon.colcon_core.package_discovery:discover_packages(recursive) discover
[0.725s] INFO:colcon.colcon_core.package_discovery:Crawling recursively for packages in '/workspaces/my_ros2_ws/src/Guide_dog_Unitree_Go1'
[0.726s] Level 1:colcon.colcon_core.package_identification:_identify(.) by extensions ['ignore', 'ignore_ament_install']
[0.728s] Level 1:colcon.colcon_core.package_identification:_identify(.) by extension 'ignore'
[0.730s] Level 1:colcon.colcon_core.package_identification:_identify(.) by extension 'ignore_ament_install'
[0.733s] Level 1:colcon.colcon_core.package_identification:_identify(.) by extensions ['colcon_pkg']
[0.733s] Level 1:colcon.colcon_core.package_identification:_identify(.) by extension 'colcon_pkg'
[0.735s] Level 1:colcon.colcon_core.package_identification:_identify(.) by extensions ['colcon_meta']
[0.736s] Level 1:colcon.colcon_core.package_identification:_identify(.) by extension 'colcon_meta'
[0.737s] Level 1:colcon.colcon_core.package_identification:_identify(.) by extensions ['ros']
[0.738s] Level 1:colcon.colcon_core.package_identification:_identify(.) by extension 'ros'
[0.758s] Level 1:colcon.colcon_core.package_identification:_identify(.) by extensions ['cmake', 'python']
[0.759s] Level 1:colcon.colcon_core.package_identification:_identify(.) by extension 'cmake'
[0.762s] Level 1:colcon.colcon_core.package_identification:_identify(.) by extension 'python'
[0.764s] Level 1:colcon.colcon_core.package_identification:_identify(.) by extensions ['python_setup_py']
[0.765s] Level 1:colcon.colcon_core.package_identification:_identify(.) by extension 'python_setup_py'
[0.767s] Level 1:colcon.colcon_core.package_identification:_identify(build) by extensions ['ignore', 'ignore_ament_install']
[0.769s] Level 1:colcon.colcon_core.package_identification:_identify(build) by extension 'ignore'
[0.770s] Level 1:colcon.colcon_core.package_identification:_identify(build) ignored
[0.772s] Level 1:colcon.colcon_core.package_identification:_identify(demos) by extensions ['ignore', 'ignore_ament_install']
[0.777s] Level 1:colcon.colcon_core.package_identification:_identify(demos) by extension 'ignore'
[0.781s] Level 1:colcon.colcon_core.package_identification:_identify(demos) by extension 'ignore_ament_install'
[0.785s] Level 1:colcon.colcon_core.package_identification:_identify(demos) by extensions ['colcon_pkg']
[0.785s] Level 1:colcon.colcon_core.package_identification:_identify(demos) by extension 'colcon_pkg'
[0.788s] Level 1:colcon.colcon_core.package_identification:_identify(demos) by extensions ['colcon_meta']
[0.793s] Level 1:colcon.colcon_core.package_identification:_identify(demos) by extension 'colcon_meta'
[0.795s] Level 1:colcon.colcon_core.package_identification:_identify(demos) by extensions ['ros']
[0.797s] Level 1:colcon.colcon_core.package_identification:_identify(demos) by extension 'ros'
[0.800s] Level 1:colcon.colcon_core.package_identification:_identify(demos) by extensions ['cmake', 'python']
[0.801s] Level 1:colcon.colcon_core.package_identification:_identify(demos) by extension 'cmake'
[0.802s] Level 1:colcon.colcon_core.package_identification:_identify(demos) by extension 'python'
[0.805s] Level 1:colcon.colcon_core.package_identification:_identify(demos) by extensions ['python_setup_py']
[0.805s] Level 1:colcon.colcon_core.package_identification:_identify(demos) by extension 'python_setup_py'
[0.807s] Level 1:colcon.colcon_core.package_identification:_identify(demos/ball_track) by extensions ['ignore', 'ignore_ament_install']
[0.809s] Level 1:colcon.colcon_core.package_identification:_identify(demos/ball_track) by extension 'ignore'
[0.811s] Level 1:colcon.colcon_core.package_identification:_identify(demos/ball_track) by extension 'ignore_ament_install'
[0.818s] Level 1:colcon.colcon_core.package_identification:_identify(demos/ball_track) by extensions ['colcon_pkg']
[0.819s] Level 1:colcon.colcon_core.package_identification:_identify(demos/ball_track) by extension 'colcon_pkg'
[0.821s] Level 1:colcon.colcon_core.package_identification:_identify(demos/ball_track) by extensions ['colcon_meta']
[0.822s] Level 1:colcon.colcon_core.package_identification:_identify(demos/ball_track) by extension 'colcon_meta'
[0.823s] Level 1:colcon.colcon_core.package_identification:_identify(demos/ball_track) by extensions ['ros']
[0.825s] Level 1:colcon.colcon_core.package_identification:_identify(demos/ball_track) by extension 'ros'
[0.847s] DEBUG:colcon.colcon_core.package_identification:Package 'demos/ball_track' with type 'ros.ament_python' and name 'ball_track_ros2'
[0.850s] Level 1:colcon.colcon_core.package_identification:_identify(demos/go_republisher) by extensions ['ignore', 'ignore_ament_install']
[0.852s] Level 1:colcon.colcon_core.package_identification:_identify(demos/go_republisher) by extension 'ignore'
[0.859s] Level 1:colcon.colcon_core.package_identification:_identify(demos/go_republisher) by extension 'ignore_ament_install'
[0.863s] Level 1:colcon.colcon_core.package_identification:_identify(demos/go_republisher) by extensions ['colcon_pkg']
[0.865s] Level 1:colcon.colcon_core.package_identification:_identify(demos/go_republisher) by extension 'colcon_pkg'
[0.869s] Level 1:colcon.colcon_core.package_identification:_identify(demos/go_republisher) by extensions ['colcon_meta']
[0.875s] Level 1:colcon.colcon_core.package_identification:_identify(demos/go_republisher) by extension 'colcon_meta'
[0.878s] Level 1:colcon.colcon_core.package_identification:_identify(demos/go_republisher) by extensions ['ros']
[0.879s] Level 1:colcon.colcon_core.package_identification:_identify(demos/go_republisher) by extension 'ros'
[0.889s] DEBUG:colcon.colcon_core.package_identification:Package 'demos/go_republisher' with type 'ros.ament_python' and name 'republisher_ros2'
[0.890s] Level 1:colcon.colcon_core.package_identification:_identify(docker) by extensions ['ignore', 'ignore_ament_install']
[0.891s] Level 1:colcon.colcon_core.package_identification:_identify(docker) by extension 'ignore'
[0.893s] Level 1:colcon.colcon_core.package_identification:_identify(docker) by extension 'ignore_ament_install'
[0.897s] Level 1:colcon.colcon_core.package_identification:_identify(docker) by extensions ['colcon_pkg']
[0.897s] Level 1:colcon.colcon_core.package_identification:_identify(docker) by extension 'colcon_pkg'
[0.899s] Level 1:colcon.colcon_core.package_identification:_identify(docker) by extensions ['colcon_meta']
[0.901s] Level 1:colcon.colcon_core.package_identification:_identify(docker) by extension 'colcon_meta'
[0.903s] Level 1:colcon.colcon_core.package_identification:_identify(docker) by extensions ['ros']
[0.903s] Level 1:colcon.colcon_core.package_identification:_identify(docker) by extension 'ros'
[0.909s] Level 1:colcon.colcon_core.package_identification:_identify(docker) by extensions ['cmake', 'python']
[0.910s] Level 1:colcon.colcon_core.package_identification:_identify(docker) by extension 'cmake'
[0.912s] Level 1:colcon.colcon_core.package_identification:_identify(docker) by extension 'python'
[0.914s] Level 1:colcon.colcon_core.package_identification:_identify(docker) by extensions ['python_setup_py']
[0.915s] Level 1:colcon.colcon_core.package_identification:_identify(docker) by extension 'python_setup_py'
[0.918s] Level 1:colcon.colcon_core.package_identification:_identify(guide_dog_unitree_go1) by extensions ['ignore', 'ignore_ament_install']
[0.919s] Level 1:colcon.colcon_core.package_identification:_identify(guide_dog_unitree_go1) by extension 'ignore'
[0.921s] Level 1:colcon.colcon_core.package_identification:_identify(guide_dog_unitree_go1) by extension 'ignore_ament_install'
[0.926s] Level 1:colcon.colcon_core.package_identification:_identify(guide_dog_unitree_go1) by extensions ['colcon_pkg']
[0.928s] Level 1:colcon.colcon_core.package_identification:_identify(guide_dog_unitree_go1) by extension 'colcon_pkg'
[0.929s] Level 1:colcon.colcon_core.package_identification:_identify(guide_dog_unitree_go1) by extensions ['colcon_meta']
[0.930s] Level 1:colcon.colcon_core.package_identification:_identify(guide_dog_unitree_go1) by extension 'colcon_meta'
[0.932s] Level 1:colcon.colcon_core.package_identification:_identify(guide_dog_unitree_go1) by extensions ['ros']
[0.933s] Level 1:colcon.colcon_core.package_identification:_identify(guide_dog_unitree_go1) by extension 'ros'
[0.953s] DEBUG:colcon.colcon_core.package_identification:Package 'guide_dog_unitree_go1' with type 'ros.ament_cmake' and name 'guide_dog_unitree_go1'
[0.955s] Level 1:colcon.colcon_core.package_identification:_identify(install) by extensions ['ignore', 'ignore_ament_install']
[0.957s] Level 1:colcon.colcon_core.package_identification:_identify(install) by extension 'ignore'
[0.959s] Level 1:colcon.colcon_core.package_identification:_identify(install) ignored
[0.961s] Level 1:colcon.colcon_core.package_identification:_identify(listen_talk_ros2) by extensions ['ignore', 'ignore_ament_install']
[0.963s] Level 1:colcon.colcon_core.package_identification:_identify(listen_talk_ros2) by extension 'ignore'
[0.965s] Level 1:colcon.colcon_core.package_identification:_identify(listen_talk_ros2) by extension 'ignore_ament_install'
[0.968s] Level 1:colcon.colcon_core.package_identification:_identify(listen_talk_ros2) by extensions ['colcon_pkg']
[0.970s] Level 1:colcon.colcon_core.package_identification:_identify(listen_talk_ros2) by extension 'colcon_pkg'
[0.972s] Level 1:colcon.colcon_core.package_identification:_identify(listen_talk_ros2) by extensions ['colcon_meta']
[0.973s] Level 1:colcon.colcon_core.package_identification:_identify(listen_talk_ros2) by extension 'colcon_meta'
[0.974s] Level 1:colcon.colcon_core.package_identification:_identify(listen_talk_ros2) by extensions ['ros']
[0.976s] Level 1:colcon.colcon_core.package_identification:_identify(listen_talk_ros2) by extension 'ros'
[0.980s] Level 1:colcon.colcon_core.package_identification:_identify(listen_talk_ros2) by extensions ['cmake', 'python']
[0.981s] Level 1:colcon.colcon_core.package_identification:_identify(listen_talk_ros2) by extension 'cmake'
[0.983s] Level 1:colcon.colcon_core.package_identification:_identify(listen_talk_ros2) by extension 'python'
[0.985s] Level 1:colcon.colcon_core.package_identification:_identify(listen_talk_ros2) by extensions ['python_setup_py']
[0.986s] Level 1:colcon.colcon_core.package_identification:_identify(listen_talk_ros2) by extension 'python_setup_py'
[0.988s] Level 1:colcon.colcon_core.package_identification:_identify(listen_talk_ros2/listen_talk_ros2) by extensions ['ignore', 'ignore_ament_install']
[0.989s] Level 1:colcon.colcon_core.package_identification:_identify(listen_talk_ros2/listen_talk_ros2) by extension 'ignore'
[0.992s] Level 1:colcon.colcon_core.package_identification:_identify(listen_talk_ros2/listen_talk_ros2) by extension 'ignore_ament_install'
[0.996s] Level 1:colcon.colcon_core.package_identification:_identify(listen_talk_ros2/listen_talk_ros2) by extensions ['colcon_pkg']
[0.997s] Level 1:colcon.colcon_core.package_identification:_identify(listen_talk_ros2/listen_talk_ros2) by extension 'colcon_pkg'
[0.999s] Level 1:colcon.colcon_core.package_identification:_identify(listen_talk_ros2/listen_talk_ros2) by extensions ['colcon_meta']
[1.000s] Level 1:colcon.colcon_core.package_identification:_identify(listen_talk_ros2/listen_talk_ros2) by extension 'colcon_meta'
[1.001s] Level 1:colcon.colcon_core.package_identification:_identify(listen_talk_ros2/listen_talk_ros2) by extensions ['ros']
[1.002s] Level 1:colcon.colcon_core.package_identification:_identify(listen_talk_ros2/listen_talk_ros2) by extension 'ros'
[1.007s] DEBUG:colcon.colcon_core.package_identification:Package 'listen_talk_ros2/listen_talk_ros2' with type 'ros.ament_python' and name 'listen_talk_ros2'
[1.015s] Level 1:colcon.colcon_core.package_identification:_identify(log) by extensions ['ignore', 'ignore_ament_install']
[1.016s] Level 1:colcon.colcon_core.package_identification:_identify(log) by extension 'ignore'
[1.018s] Level 1:colcon.colcon_core.package_identification:_identify(log) ignored
[1.019s] Level 1:colcon.colcon_core.package_discovery:discover_packages(recursive) using defaults
[1.021s] Level 1:colcon.colcon_core.package_discovery:discover_packages(ignore) discover
[1.022s] Level 1:colcon.colcon_core.package_discovery:discover_packages(ignore) using defaults
[1.023s] Level 1:colcon.colcon_core.package_discovery:discover_packages(path) discover
[1.024s] Level 1:colcon.colcon_core.package_discovery:discover_packages(path) using defaults
[1.126s] INFO:colcon.colcon_core.package_selection:Skipping not selected package 'ball_track_ros2' in 'demos/ball_track'
[1.131s] INFO:colcon.colcon_core.package_selection:Skipping not selected package 'guide_dog_unitree_go1' in 'guide_dog_unitree_go1'
[1.134s] INFO:colcon.colcon_core.package_selection:Skipping not selected package 'listen_talk_ros2' in 'listen_talk_ros2/listen_talk_ros2'
[1.140s] Level 5:colcon.colcon_core.verb:set package 'republisher_ros2' build argument 'cmake_args' from command line to 'None'
[1.143s] Level 5:colcon.colcon_core.verb:set package 'republisher_ros2' build argument 'cmake_target' from command line to 'None'
[1.146s] Level 5:colcon.colcon_core.verb:set package 'republisher_ros2' build argument 'cmake_target_skip_unavailable' from command line to 'False'
[1.150s] Level 5:colcon.colcon_core.verb:set package 'republisher_ros2' build argument 'cmake_clean_cache' from command line to 'False'
[1.150s] Level 5:colcon.colcon_core.verb:set package 'republisher_ros2' build argument 'cmake_clean_first' from command line to 'False'
[1.151s] Level 5:colcon.colcon_core.verb:set package 'republisher_ros2' build argument 'cmake_force_configure' from command line to 'False'
[1.152s] Level 5:colcon.colcon_core.verb:set package 'republisher_ros2' build argument 'ament_cmake_args' from command line to 'None'
[1.154s] Level 5:colcon.colcon_core.verb:set package 'republisher_ros2' build argument 'catkin_cmake_args' from command line to 'None'
[1.154s] Level 5:colcon.colcon_core.verb:set package 'republisher_ros2' build argument 'catkin_skip_building_tests' from command line to 'False'
[1.165s] DEBUG:colcon.colcon_core.verb:Building package 'republisher_ros2' with the following arguments: {'ament_cmake_args': None, 'build_base': '/workspaces/my_ros2_ws/src/Guide_dog_Unitree_Go1/build/republisher_ros2', 'catkin_cmake_args': None, 'catkin_skip_building_tests': False, 'cmake_args': None, 'cmake_clean_cache': False, 'cmake_clean_first': False, 'cmake_force_configure': False, 'cmake_target': None, 'cmake_target_skip_unavailable': False, 'install_base': '/workspaces/my_ros2_ws/src/Guide_dog_Unitree_Go1/install/republisher_ros2', 'merge_install': False, 'path': '/workspaces/my_ros2_ws/src/Guide_dog_Unitree_Go1/demos/go_republisher', 'symlink_install': False, 'test_result_base': None}
[1.179s] INFO:colcon.colcon_core.executor:Executing jobs using 'parallel' executor
[1.199s] DEBUG:colcon.colcon_parallel_executor.executor.parallel:run_until_complete
[1.203s] INFO:colcon.colcon_ros.task.ament_python.build:Building ROS package in '/workspaces/my_ros2_ws/src/Guide_dog_Unitree_Go1/demos/go_republisher' with build type 'ament_python'
[1.999s] Level 1:colcon.colcon_core.shell:create_environment_hook('republisher_ros2', 'ament_prefix_path')
[2.085s] INFO:colcon.colcon_core.plugin_system:Skipping extension 'colcon_core.shell.bat': Not used on non-Windows systems
[2.090s] INFO:colcon.colcon_core.shell:Creating environment hook '/workspaces/my_ros2_ws/src/Guide_dog_Unitree_Go1/install/republisher_ros2/share/republisher_ros2/hook/ament_prefix_path.ps1'
[2.103s] INFO:colcon.colcon_core.shell:Creating environment descriptor '/workspaces/my_ros2_ws/src/Guide_dog_Unitree_Go1/install/republisher_ros2/share/republisher_ros2/hook/ament_prefix_path.dsv'
[2.114s] INFO:colcon.colcon_core.shell:Creating environment hook '/workspaces/my_ros2_ws/src/Guide_dog_Unitree_Go1/install/republisher_ros2/share/republisher_ros2/hook/ament_prefix_path.sh'
[2.132s] INFO:colcon.colcon_core.shell:Skip shell extension 'powershell' for command environment: Not usable outside of PowerShell
[2.134s] DEBUG:colcon.colcon_core.shell:Skip shell extension 'dsv' for command environment
[2.806s] INFO:colcon.colcon_core.task.python.build:Building Python package in '/workspaces/my_ros2_ws/src/Guide_dog_Unitree_Go1/demos/go_republisher'
[2.813s] INFO:colcon.colcon_core.shell:Skip shell extension 'powershell' for command environment: Not usable outside of PowerShell
[2.814s] DEBUG:colcon.colcon_core.shell:Skip shell extension 'dsv' for command environment
[3.572s] DEBUG:colcon.colcon_core.event_handler.log_command:Invoking command in '/workspaces/my_ros2_ws/src/Guide_dog_Unitree_Go1/demos/go_republisher': PYTHONPATH=/workspaces/my_ros2_ws/src/Guide_dog_Unitree_Go1/build/republisher_ros2/prefix_override:/workspaces/my_ros2_ws/src/Guide_dog_Unitree_Go1/install/republisher_ros2/lib/python3.8/site-packages:${PYTHONPATH} /usr/bin/python3 setup.py egg_info --egg-base ../../build/republisher_ros2 build --build-base /workspaces/my_ros2_ws/src/Guide_dog_Unitree_Go1/build/republisher_ros2/build install --record /workspaces/my_ros2_ws/src/Guide_dog_Unitree_Go1/build/republisher_ros2/install.log --single-version-externally-managed
[4.276s] DEBUG:colcon.colcon_core.event_handler.log_command:Invoked command in '/workspaces/my_ros2_ws/src/Guide_dog_Unitree_Go1/demos/go_republisher' returned '0': PYTHONPATH=/workspaces/my_ros2_ws/src/Guide_dog_Unitree_Go1/build/republisher_ros2/prefix_override:/workspaces/my_ros2_ws/src/Guide_dog_Unitree_Go1/install/republisher_ros2/lib/python3.8/site-packages:${PYTHONPATH} /usr/bin/python3 setup.py egg_info --egg-base ../../build/republisher_ros2 build --build-base /workspaces/my_ros2_ws/src/Guide_dog_Unitree_Go1/build/republisher_ros2/build install --record /workspaces/my_ros2_ws/src/Guide_dog_Unitree_Go1/build/republisher_ros2/install.log --single-version-externally-managed
[4.287s] Level 1:colcon.colcon_core.environment:checking '/workspaces/my_ros2_ws/src/Guide_dog_Unitree_Go1/install/republisher_ros2' for CMake module files
[4.311s] Level 1:colcon.colcon_core.environment:checking '/workspaces/my_ros2_ws/src/Guide_dog_Unitree_Go1/install/republisher_ros2' for CMake config files
[4.318s] Level 1:colcon.colcon_core.environment:checking '/workspaces/my_ros2_ws/src/Guide_dog_Unitree_Go1/install/republisher_ros2/lib'
[4.320s] Level 1:colcon.colcon_core.environment:checking '/workspaces/my_ros2_ws/src/Guide_dog_Unitree_Go1/install/republisher_ros2/bin'
[4.321s] Level 1:colcon.colcon_core.environment:checking '/workspaces/my_ros2_ws/src/Guide_dog_Unitree_Go1/install/republisher_ros2/lib/pkgconfig/republisher_ros2.pc'
[4.323s] Level 1:colcon.colcon_core.environment:checking '/workspaces/my_ros2_ws/src/Guide_dog_Unitree_Go1/install/republisher_ros2/lib/python3.8/site-packages'
[4.324s] Level 1:colcon.colcon_core.shell:create_environment_hook('republisher_ros2', 'pythonpath')
[4.327s] INFO:colcon.colcon_core.shell:Creating environment hook '/workspaces/my_ros2_ws/src/Guide_dog_Unitree_Go1/install/republisher_ros2/share/republisher_ros2/hook/pythonpath.ps1'
[4.331s] INFO:colcon.colcon_core.shell:Creating environment descriptor '/workspaces/my_ros2_ws/src/Guide_dog_Unitree_Go1/install/republisher_ros2/share/republisher_ros2/hook/pythonpath.dsv'
[4.334s] INFO:colcon.colcon_core.shell:Creating environment hook '/workspaces/my_ros2_ws/src/Guide_dog_Unitree_Go1/install/republisher_ros2/share/republisher_ros2/hook/pythonpath.sh'
[4.345s] Level 1:colcon.colcon_core.environment:checking '/workspaces/my_ros2_ws/src/Guide_dog_Unitree_Go1/install/republisher_ros2/bin'
[4.347s] Level 1:colcon.colcon_core.environment:create_environment_scripts_only(republisher_ros2)
[4.350s] INFO:colcon.colcon_core.shell:Creating package script '/workspaces/my_ros2_ws/src/Guide_dog_Unitree_Go1/install/republisher_ros2/share/republisher_ros2/package.ps1'
[4.356s] INFO:colcon.colcon_core.shell:Creating package descriptor '/workspaces/my_ros2_ws/src/Guide_dog_Unitree_Go1/install/republisher_ros2/share/republisher_ros2/package.dsv'
[4.360s] INFO:colcon.colcon_core.shell:Creating package script '/workspaces/my_ros2_ws/src/Guide_dog_Unitree_Go1/install/republisher_ros2/share/republisher_ros2/package.sh'
[4.365s] INFO:colcon.colcon_core.shell:Creating package script '/workspaces/my_ros2_ws/src/Guide_dog_Unitree_Go1/install/republisher_ros2/share/republisher_ros2/package.bash'
[4.370s] INFO:colcon.colcon_core.shell:Creating package script '/workspaces/my_ros2_ws/src/Guide_dog_Unitree_Go1/install/republisher_ros2/share/republisher_ros2/package.zsh'
[4.375s] Level 1:colcon.colcon_core.environment:create_file_with_runtime_dependencies(/workspaces/my_ros2_ws/src/Guide_dog_Unitree_Go1/install/republisher_ros2/share/colcon-core/packages/republisher_ros2)
[4.384s] DEBUG:colcon.colcon_parallel_executor.executor.parallel:closing loop
[4.385s] DEBUG:colcon.colcon_parallel_executor.executor.parallel:loop closed
[4.386s] DEBUG:colcon.colcon_parallel_executor.executor.parallel:run_until_complete finished with '0'
[4.391s] DEBUG:colcon.colcon_core.event_reactor:joining thread
[4.431s] INFO:colcon.colcon_core.plugin_system:Skipping extension 'colcon_notification.desktop_notification.notify_send': Could not find 'notify-send'
[4.433s] INFO:colcon.colcon_core.plugin_system:Skipping extension 'colcon_notification.desktop_notification.terminal_notifier': Not used on non-Darwin systems
[4.434s] INFO:colcon.colcon_core.plugin_system:Skipping extension 'colcon_notification.desktop_notification.win32': Not used on non-Windows systems
[4.434s] INFO:colcon.colcon_notification.desktop_notification:Sending desktop notification using 'notify2'
[4.442s] DEBUG:colcon.colcon_notification.desktop_notification.notify2:Failed to initialize notify2: org.freedesktop.DBus.Error.Spawn.ExecFailed: /usr/bin/dbus-launch terminated abnormally without any error message
[4.444s] DEBUG:colcon.colcon_core.event_reactor:joined thread
[4.450s] INFO:colcon.colcon_core.shell:Creating prefix script '/workspaces/my_ros2_ws/src/Guide_dog_Unitree_Go1/install/local_setup.ps1'
[4.457s] INFO:colcon.colcon_core.shell:Creating prefix util module '/workspaces/my_ros2_ws/src/Guide_dog_Unitree_Go1/install/_local_setup_util_ps1.py'
[4.464s] INFO:colcon.colcon_core.shell:Creating prefix chain script '/workspaces/my_ros2_ws/src/Guide_dog_Unitree_Go1/install/setup.ps1'
[4.485s] INFO:colcon.colcon_core.shell:Creating prefix script '/workspaces/my_ros2_ws/src/Guide_dog_Unitree_Go1/install/local_setup.sh'
[4.492s] INFO:colcon.colcon_core.shell:Creating prefix util module '/workspaces/my_ros2_ws/src/Guide_dog_Unitree_Go1/install/_local_setup_util_sh.py'
[4.498s] INFO:colcon.colcon_core.shell:Creating prefix chain script '/workspaces/my_ros2_ws/src/Guide_dog_Unitree_Go1/install/setup.sh'
[4.522s] INFO:colcon.colcon_core.shell:Creating prefix script '/workspaces/my_ros2_ws/src/Guide_dog_Unitree_Go1/install/local_setup.bash'
[4.526s] INFO:colcon.colcon_core.shell:Creating prefix chain script '/workspaces/my_ros2_ws/src/Guide_dog_Unitree_Go1/install/setup.bash'
[4.554s] INFO:colcon.colcon_core.shell:Creating prefix script '/workspaces/my_ros2_ws/src/Guide_dog_Unitree_Go1/install/local_setup.zsh'
[4.560s] INFO:colcon.colcon_core.shell:Creating prefix chain script '/workspaces/my_ros2_ws/src/Guide_dog_Unitree_Go1/install/setup.zsh'
